{"C:\\Users\\Leo\\Desktop\\Projetos\\case-xp\\backend\\src\\app.js": {"path":"C:\\Users\\Leo\\Desktop\\Projetos\\case-xp\\backend\\src\\app.js","statementMap":{"0":{"start":{"line":1,"column":16},"end":{"line":1,"column":34}},"1":{"start":{"line":2,"column":13},"end":{"line":2,"column":28}},"2":{"start":{"line":4,"column":15},"end":{"line":4,"column":32}},"3":{"start":{"line":6,"column":24},"end":{"line":6,"column":28}},"4":{"start":{"line":8,"column":14},"end":{"line":8,"column":40}},"5":{"start":{"line":10,"column":12},"end":{"line":10,"column":21}},"6":{"start":{"line":11,"column":0},"end":{"line":11,"column":51}},"7":{"start":{"line":12,"column":0},"end":{"line":12,"column":28}},"8":{"start":{"line":13,"column":0},"end":{"line":13,"column":24}},"9":{"start":{"line":15,"column":0},"end":{"line":15,"column":22}},"10":{"start":{"line":16,"column":0},"end":{"line":16,"column":84}},"11":{"start":{"line":16,"column":32},"end":{"line":16,"column":82}},"12":{"start":{"line":17,"column":0},"end":{"line":17,"column":20}},"13":{"start":{"line":23,"column":0},"end":{"line":23,"column":21}}},"fnMap":{"0":{"name":"(anonymous_0)","decl":{"start":{"line":16,"column":20},"end":{"line":16,"column":21}},"loc":{"start":{"line":16,"column":32},"end":{"line":16,"column":82}},"line":16}},"branchMap":{},"s":{"0":4,"1":4,"2":4,"3":4,"4":4,"5":4,"6":4,"7":4,"8":4,"9":4,"10":4,"11":1,"12":4,"13":4},"f":{"0":1},"b":{},"_coverageSchema":"1a1c01bbd47fc00a2c39e90264f33305004495a9","hash":"a2770100297449d380f6a9bc122ac6e5ce236c51"}
,"C:\\Users\\Leo\\Desktop\\Projetos\\case-xp\\backend\\src\\model\\companies.model.js": {"path":"C:\\Users\\Leo\\Desktop\\Projetos\\case-xp\\backend\\src\\model\\companies.model.js","statementMap":{"0":{"start":{"line":1,"column":15},"end":{"line":1,"column":32}},"1":{"start":{"line":2,"column":20},"end":{"line":2,"column":49}},"2":{"start":{"line":3,"column":21},"end":{"line":3,"column":51}},"3":{"start":{"line":4,"column":24},"end":{"line":4,"column":53}},"4":{"start":{"line":6,"column":0},"end":{"line":6,"column":27}},"5":{"start":{"line":9,"column":22},"end":{"line":11,"column":1}},"6":{"start":{"line":13,"column":21},"end":{"line":1235,"column":1}},"7":{"start":{"line":1238,"column":18},"end":{"line":1238,"column":83}},"8":{"start":{"line":1239,"column":2},"end":{"line":1239,"column":17}},"9":{"start":{"line":1254,"column":14},"end":{"line":1254,"column":63}},"10":{"start":{"line":1255,"column":20},"end":{"line":1255,"column":40}},"11":{"start":{"line":1256,"column":18},"end":{"line":1256,"column":70}},"12":{"start":{"line":1257,"column":15},"end":{"line":1257,"column":72}},"13":{"start":{"line":1258,"column":17},"end":{"line":1258,"column":19}},"14":{"start":{"line":1259,"column":2},"end":{"line":1268,"column":3}},"15":{"start":{"line":1259,"column":15},"end":{"line":1259,"column":16}},"16":{"start":{"line":1260,"column":34},"end":{"line":1261,"column":41}},"17":{"start":{"line":1262,"column":4},"end":{"line":1267,"column":7}},"18":{"start":{"line":1269,"column":2},"end":{"line":1269,"column":16}},"19":{"start":{"line":1273,"column":15},"end":{"line":1273,"column":17}},"20":{"start":{"line":1274,"column":2},"end":{"line":1304,"column":4}},"21":{"start":{"line":1277,"column":18},"end":{"line":1277,"column":38}},"22":{"start":{"line":1278,"column":22},"end":{"line":1278,"column":76}},"23":{"start":{"line":1279,"column":4},"end":{"line":1279,"column":35}},"24":{"start":{"line":1280,"column":4},"end":{"line":1280,"column":31}},"25":{"start":{"line":1281,"column":16},"end":{"line":1281,"column":87}},"26":{"start":{"line":1283,"column":4},"end":{"line":1294,"column":36}},"27":{"start":{"line":1285,"column":21},"end":{"line":1285,"column":42}},"28":{"start":{"line":1286,"column":6},"end":{"line":1286,"column":71}},"29":{"start":{"line":1286,"column":28},"end":{"line":1286,"column":69}},"30":{"start":{"line":1287,"column":6},"end":{"line":1287,"column":93}},"31":{"start":{"line":1288,"column":6},"end":{"line":1288,"column":71}},"32":{"start":{"line":1288,"column":28},"end":{"line":1288,"column":69}},"33":{"start":{"line":1289,"column":6},"end":{"line":1289,"column":93}},"34":{"start":{"line":1290,"column":6},"end":{"line":1292,"column":8}},"35":{"start":{"line":1293,"column":6},"end":{"line":1293,"column":33}},"36":{"start":{"line":1294,"column":11},"end":{"line":1294,"column":36}},"37":{"start":{"line":1295,"column":4},"end":{"line":1303,"column":6}},"38":{"start":{"line":1307,"column":2},"end":{"line":1316,"column":3}},"39":{"start":{"line":1307,"column":53},"end":{"line":1307,"column":62}},"40":{"start":{"line":1308,"column":19},"end":{"line":1313,"column":6}},"41":{"start":{"line":1314,"column":4},"end":{"line":1314,"column":59}},"42":{"start":{"line":1314,"column":29},"end":{"line":1314,"column":59}},"43":{"start":{"line":1315,"column":4},"end":{"line":1315,"column":21}},"44":{"start":{"line":1317,"column":2},"end":{"line":1317,"column":34}},"45":{"start":{"line":1321,"column":12},"end":{"line":1321,"column":34}},"46":{"start":{"line":1322,"column":2},"end":{"line":1322,"column":27}},"47":{"start":{"line":1323,"column":15},"end":{"line":1325,"column":3}},"48":{"start":{"line":1327,"column":4},"end":{"line":1327,"column":29}},"49":{"start":{"line":1328,"column":4},"end":{"line":1328,"column":29}},"50":{"start":{"line":1329,"column":4},"end":{"line":1331,"column":5}},"51":{"start":{"line":1330,"column":6},"end":{"line":1330,"column":31}},"52":{"start":{"line":1333,"column":20},"end":{"line":1333,"column":59}},"53":{"start":{"line":1334,"column":4},"end":{"line":1334,"column":38}},"54":{"start":{"line":1334,"column":23},"end":{"line":1334,"column":38}},"55":{"start":{"line":1336,"column":22},"end":{"line":1336,"column":86}},"56":{"start":{"line":1336,"column":54},"end":{"line":1336,"column":85}},"57":{"start":{"line":1339,"column":4},"end":{"line":1356,"column":36}},"58":{"start":{"line":1342,"column":10},"end":{"line":1342,"column":61}},"59":{"start":{"line":1343,"column":6},"end":{"line":1345,"column":8}},"60":{"start":{"line":1346,"column":6},"end":{"line":1348,"column":7}},"61":{"start":{"line":1347,"column":8},"end":{"line":1347,"column":65}},"62":{"start":{"line":1350,"column":6},"end":{"line":1352,"column":7}},"63":{"start":{"line":1351,"column":8},"end":{"line":1351,"column":66}},"64":{"start":{"line":1354,"column":6},"end":{"line":1354,"column":44}},"65":{"start":{"line":1355,"column":6},"end":{"line":1355,"column":33}},"66":{"start":{"line":1356,"column":11},"end":{"line":1356,"column":36}},"67":{"start":{"line":1358,"column":16},"end":{"line":1358,"column":34}},"68":{"start":{"line":1360,"column":4},"end":{"line":1367,"column":5}},"69":{"start":{"line":1361,"column":6},"end":{"line":1366,"column":8}},"70":{"start":{"line":1368,"column":4},"end":{"line":1375,"column":5}},"71":{"start":{"line":1369,"column":6},"end":{"line":1374,"column":8}},"72":{"start":{"line":1376,"column":4},"end":{"line":1383,"column":5}},"73":{"start":{"line":1377,"column":6},"end":{"line":1382,"column":8}},"74":{"start":{"line":1384,"column":4},"end":{"line":1391,"column":5}},"75":{"start":{"line":1385,"column":6},"end":{"line":1390,"column":8}},"76":{"start":{"line":1392,"column":14},"end":{"line":1392,"column":66}},"77":{"start":{"line":1393,"column":14},"end":{"line":1393,"column":52}},"78":{"start":{"line":1394,"column":25},"end":{"line":1394,"column":44}},"79":{"start":{"line":1395,"column":24},"end":{"line":1395,"column":38}},"80":{"start":{"line":1396,"column":4},"end":{"line":1403,"column":5}},"81":{"start":{"line":1397,"column":6},"end":{"line":1402,"column":8}},"82":{"start":{"line":1404,"column":4},"end":{"line":1411,"column":5}},"83":{"start":{"line":1405,"column":6},"end":{"line":1410,"column":8}},"84":{"start":{"line":1412,"column":4},"end":{"line":1417,"column":6}},"85":{"start":{"line":1420,"column":2},"end":{"line":1420,"column":23}},"86":{"start":{"line":1423,"column":0},"end":{"line":1429,"column":2}}},"fnMap":{"0":{"name":"getCompanies","decl":{"start":{"line":1237,"column":15},"end":{"line":1237,"column":27}},"loc":{"start":{"line":1237,"column":30},"end":{"line":1240,"column":1}},"line":1237},"1":{"name":"getTrends","decl":{"start":{"line":1253,"column":15},"end":{"line":1253,"column":24}},"loc":{"start":{"line":1253,"column":31},"end":{"line":1270,"column":1}},"line":1253},"2":{"name":"getTrendingCompaniesFactory","decl":{"start":{"line":1272,"column":15},"end":{"line":1272,"column":42}},"loc":{"start":{"line":1272,"column":45},"end":{"line":1305,"column":1}},"line":1272},"3":{"name":"getTrendingCompanies","decl":{"start":{"line":1274,"column":24},"end":{"line":1274,"column":44}},"loc":{"start":{"line":1274,"column":59},"end":{"line":1304,"column":3}},"line":1274},"4":{"name":"(anonymous_4)","decl":{"start":{"line":1286,"column":18},"end":{"line":1286,"column":19}},"loc":{"start":{"line":1286,"column":28},"end":{"line":1286,"column":69}},"line":1286},"5":{"name":"(anonymous_5)","decl":{"start":{"line":1288,"column":18},"end":{"line":1288,"column":19}},"loc":{"start":{"line":1288,"column":28},"end":{"line":1288,"column":69}},"line":1288},"6":{"name":"getCompanyByAttribute","decl":{"start":{"line":1306,"column":15},"end":{"line":1306,"column":36}},"loc":{"start":{"line":1306,"column":49},"end":{"line":1318,"column":1}},"line":1306},"7":{"name":"(anonymous_7)","decl":{"start":{"line":1307,"column":46},"end":{"line":1307,"column":47}},"loc":{"start":{"line":1307,"column":53},"end":{"line":1307,"column":62}},"line":1307},"8":{"name":"getStockPriceFactory","decl":{"start":{"line":1320,"column":15},"end":{"line":1320,"column":35}},"loc":{"start":{"line":1320,"column":63},"end":{"line":1421,"column":1}},"line":1320},"9":{"name":"getStockPrice","decl":{"start":{"line":1326,"column":17},"end":{"line":1326,"column":30}},"loc":{"start":{"line":1326,"column":70},"end":{"line":1418,"column":3}},"line":1326},"10":{"name":"(anonymous_10)","decl":{"start":{"line":1336,"column":47},"end":{"line":1336,"column":48}},"loc":{"start":{"line":1336,"column":54},"end":{"line":1336,"column":85}},"line":1336}},"branchMap":{"0":{"loc":{"start":{"line":1283,"column":4},"end":{"line":1294,"column":36}},"type":"if","locations":[{"start":{"line":1283,"column":4},"end":{"line":1294,"column":36}},{"start":{"line":1294,"column":11},"end":{"line":1294,"column":36}}],"line":1283},"1":{"loc":{"start":{"line":1283,"column":8},"end":{"line":1284,"column":47}},"type":"binary-expr","locations":[{"start":{"line":1283,"column":8},"end":{"line":1283,"column":22}},{"start":{"line":1284,"column":8},"end":{"line":1284,"column":46}}],"line":1283},"2":{"loc":{"start":{"line":1307,"column":2},"end":{"line":1316,"column":3}},"type":"if","locations":[{"start":{"line":1307,"column":2},"end":{"line":1316,"column":3}},{"start":{},"end":{}}],"line":1307},"3":{"loc":{"start":{"line":1314,"column":4},"end":{"line":1314,"column":59}},"type":"if","locations":[{"start":{"line":1314,"column":4},"end":{"line":1314,"column":59}},{"start":{},"end":{}}],"line":1314},"4":{"loc":{"start":{"line":1320,"column":36},"end":{"line":1320,"column":61}},"type":"default-arg","locations":[{"start":{"line":1320,"column":51},"end":{"line":1320,"column":61}}],"line":1320},"5":{"loc":{"start":{"line":1326,"column":47},"end":{"line":1326,"column":68}},"type":"default-arg","locations":[{"start":{"line":1326,"column":58},"end":{"line":1326,"column":68}}],"line":1326},"6":{"loc":{"start":{"line":1329,"column":4},"end":{"line":1331,"column":5}},"type":"if","locations":[{"start":{"line":1329,"column":4},"end":{"line":1331,"column":5}},{"start":{},"end":{}}],"line":1329},"7":{"loc":{"start":{"line":1334,"column":4},"end":{"line":1334,"column":38}},"type":"if","locations":[{"start":{"line":1334,"column":4},"end":{"line":1334,"column":38}},{"start":{},"end":{}}],"line":1334},"8":{"loc":{"start":{"line":1339,"column":4},"end":{"line":1356,"column":36}},"type":"if","locations":[{"start":{"line":1339,"column":4},"end":{"line":1356,"column":36}},{"start":{"line":1356,"column":11},"end":{"line":1356,"column":36}}],"line":1339},"9":{"loc":{"start":{"line":1346,"column":6},"end":{"line":1348,"column":7}},"type":"if","locations":[{"start":{"line":1346,"column":6},"end":{"line":1348,"column":7}},{"start":{},"end":{}}],"line":1346},"10":{"loc":{"start":{"line":1350,"column":6},"end":{"line":1352,"column":7}},"type":"if","locations":[{"start":{"line":1350,"column":6},"end":{"line":1352,"column":7}},{"start":{},"end":{}}],"line":1350},"11":{"loc":{"start":{"line":1360,"column":4},"end":{"line":1367,"column":5}},"type":"if","locations":[{"start":{"line":1360,"column":4},"end":{"line":1367,"column":5}},{"start":{},"end":{}}],"line":1360},"12":{"loc":{"start":{"line":1368,"column":4},"end":{"line":1375,"column":5}},"type":"if","locations":[{"start":{"line":1368,"column":4},"end":{"line":1375,"column":5}},{"start":{},"end":{}}],"line":1368},"13":{"loc":{"start":{"line":1376,"column":4},"end":{"line":1383,"column":5}},"type":"if","locations":[{"start":{"line":1376,"column":4},"end":{"line":1383,"column":5}},{"start":{},"end":{}}],"line":1376},"14":{"loc":{"start":{"line":1384,"column":4},"end":{"line":1391,"column":5}},"type":"if","locations":[{"start":{"line":1384,"column":4},"end":{"line":1391,"column":5}},{"start":{},"end":{}}],"line":1384},"15":{"loc":{"start":{"line":1396,"column":4},"end":{"line":1403,"column":5}},"type":"if","locations":[{"start":{"line":1396,"column":4},"end":{"line":1403,"column":5}},{"start":{},"end":{}}],"line":1396},"16":{"loc":{"start":{"line":1404,"column":4},"end":{"line":1411,"column":5}},"type":"if","locations":[{"start":{"line":1404,"column":4},"end":{"line":1411,"column":5}},{"start":{},"end":{}}],"line":1404}},"s":{"0":7,"1":7,"2":7,"3":7,"4":7,"5":7,"6":7,"7":3,"8":3,"9":1,"10":1,"11":1,"12":1,"13":1,"14":1,"15":1,"16":143,"17":143,"18":1,"19":1,"20":1,"21":1,"22":1,"23":1,"24":1,"25":1,"26":1,"27":1,"28":1,"29":142,"30":1,"31":1,"32":142,"33":1,"34":1,"35":1,"36":0,"37":1,"38":18,"39":51,"40":17,"41":17,"42":2,"43":15,"44":1,"45":5,"46":5,"47":5,"48":13,"49":13,"50":13,"51":3,"52":13,"53":12,"54":0,"55":12,"56":10,"57":12,"58":6,"59":6,"60":6,"61":0,"62":6,"63":0,"64":6,"65":6,"66":6,"67":12,"68":12,"69":2,"70":10,"71":2,"72":8,"73":2,"74":6,"75":2,"76":4,"77":4,"78":4,"79":4,"80":4,"81":0,"82":4,"83":0,"84":4,"85":5,"86":7},"f":{"0":3,"1":1,"2":1,"3":1,"4":142,"5":142,"6":18,"7":51,"8":5,"9":13,"10":10},"b":{"0":[1,0],"1":[1,0],"2":[17,1],"3":[2,15],"4":[5],"5":[4],"6":[3,10],"7":[0,12],"8":[6,6],"9":[0,6],"10":[0,6],"11":[2,10],"12":[2,8],"13":[2,6],"14":[2,4],"15":[0,4],"16":[0,4]},"_coverageSchema":"1a1c01bbd47fc00a2c39e90264f33305004495a9","hash":"ff7824bbc1cbb52db31879b03ff3d6a34999e6f9"}
,"C:\\Users\\Leo\\Desktop\\Projetos\\case-xp\\backend\\src\\model\\stocks.model.js": {"path":"C:\\Users\\Leo\\Desktop\\Projetos\\case-xp\\backend\\src\\model\\stocks.model.js","statementMap":{"0":{"start":{"line":1,"column":29},"end":{"line":1,"column":58}},"1":{"start":{"line":2,"column":16},"end":{"line":2,"column":46}},"2":{"start":{"line":3,"column":19},"end":{"line":3,"column":43}},"3":{"start":{"line":5,"column":13},"end":{"line":5,"column":18}},"4":{"start":{"line":6,"column":12},"end":{"line":6,"column":16}},"5":{"start":{"line":7,"column":13},"end":{"line":7,"column":17}},"6":{"start":{"line":8,"column":14},"end":{"line":8,"column":18}},"7":{"start":{"line":9,"column":17},"end":{"line":9,"column":19}},"8":{"start":{"line":10,"column":18},"end":{"line":10,"column":20}},"9":{"start":{"line":12,"column":26},"end":{"line":12,"column":56}},"10":{"start":{"line":15,"column":2},"end":{"line":24,"column":3}},"11":{"start":{"line":15,"column":51},"end":{"line":15,"column":60}},"12":{"start":{"line":16,"column":19},"end":{"line":21,"column":6}},"13":{"start":{"line":22,"column":4},"end":{"line":22,"column":59}},"14":{"start":{"line":22,"column":29},"end":{"line":22,"column":59}},"15":{"start":{"line":23,"column":4},"end":{"line":23,"column":18}},"16":{"start":{"line":25,"column":2},"end":{"line":25,"column":34}},"17":{"start":{"line":29,"column":18},"end":{"line":29,"column":72}},"18":{"start":{"line":30,"column":2},"end":{"line":30,"column":17}},"19":{"start":{"line":34,"column":16},"end":{"line":34,"column":95}},"20":{"start":{"line":35,"column":21},"end":{"line":35,"column":76}},"21":{"start":{"line":36,"column":18},"end":{"line":40,"column":4}},"22":{"start":{"line":41,"column":2},"end":{"line":41,"column":17}},"23":{"start":{"line":45,"column":18},"end":{"line":45,"column":46}},"24":{"start":{"line":46,"column":2},"end":{"line":46,"column":17}},"25":{"start":{"line":49,"column":18},"end":{"line":49,"column":48}},"26":{"start":{"line":50,"column":2},"end":{"line":50,"column":17}},"27":{"start":{"line":54,"column":24},"end":{"line":54,"column":48}},"28":{"start":{"line":55,"column":2},"end":{"line":55,"column":63}},"29":{"start":{"line":55,"column":47},"end":{"line":55,"column":61}},"30":{"start":{"line":59,"column":24},"end":{"line":59,"column":50}},"31":{"start":{"line":60,"column":2},"end":{"line":60,"column":67}},"32":{"start":{"line":60,"column":49},"end":{"line":60,"column":65}},"33":{"start":{"line":64,"column":22},"end":{"line":64,"column":50}},"34":{"start":{"line":65,"column":2},"end":{"line":65,"column":76}},"35":{"start":{"line":65,"column":57},"end":{"line":65,"column":70}},"36":{"start":{"line":68,"column":22},"end":{"line":68,"column":52}},"37":{"start":{"line":69,"column":2},"end":{"line":69,"column":76}},"38":{"start":{"line":69,"column":57},"end":{"line":69,"column":70}},"39":{"start":{"line":75,"column":17},"end":{"line":75,"column":51}},"40":{"start":{"line":76,"column":22},"end":{"line":76,"column":72}},"41":{"start":{"line":76,"column":54},"end":{"line":76,"column":71}},"42":{"start":{"line":77,"column":2},"end":{"line":77,"column":85}},"43":{"start":{"line":77,"column":28},"end":{"line":77,"column":85}},"44":{"start":{"line":78,"column":2},"end":{"line":78,"column":105}},"45":{"start":{"line":78,"column":60},"end":{"line":78,"column":105}},"46":{"start":{"line":79,"column":14},"end":{"line":79,"column":60}},"47":{"start":{"line":81,"column":2},"end":{"line":81,"column":37}},"48":{"start":{"line":82,"column":2},"end":{"line":82,"column":59}},"49":{"start":{"line":84,"column":20},"end":{"line":84,"column":67}},"50":{"start":{"line":85,"column":23},"end":{"line":85,"column":77}},"51":{"start":{"line":85,"column":59},"end":{"line":85,"column":76}},"52":{"start":{"line":87,"column":22},"end":{"line":87,"column":24}},"53":{"start":{"line":89,"column":2},"end":{"line":97,"column":3}},"54":{"start":{"line":89,"column":15},"end":{"line":89,"column":16}},"55":{"start":{"line":90,"column":4},"end":{"line":96,"column":6}},"56":{"start":{"line":98,"column":2},"end":{"line":98,"column":33}},"57":{"start":{"line":99,"column":2},"end":{"line":99,"column":56}},"58":{"start":{"line":102,"column":0},"end":{"line":118,"column":2}}},"fnMap":{"0":{"name":"getStocksByAttribute","decl":{"start":{"line":14,"column":15},"end":{"line":14,"column":35}},"loc":{"start":{"line":14,"column":48},"end":{"line":26,"column":1}},"line":14},"1":{"name":"(anonymous_1)","decl":{"start":{"line":15,"column":44},"end":{"line":15,"column":45}},"loc":{"start":{"line":15,"column":51},"end":{"line":15,"column":60}},"line":15},"2":{"name":"getStocks","decl":{"start":{"line":28,"column":15},"end":{"line":28,"column":24}},"loc":{"start":{"line":28,"column":27},"end":{"line":31,"column":1}},"line":28},"3":{"name":"getStocksBy","decl":{"start":{"line":33,"column":15},"end":{"line":33,"column":26}},"loc":{"start":{"line":33,"column":38},"end":{"line":42,"column":1}},"line":33},"4":{"name":"getStocksByOwner","decl":{"start":{"line":44,"column":15},"end":{"line":44,"column":31}},"loc":{"start":{"line":44,"column":34},"end":{"line":47,"column":1}},"line":44},"5":{"name":"getStocksByCompany","decl":{"start":{"line":48,"column":15},"end":{"line":48,"column":33}},"loc":{"start":{"line":48,"column":36},"end":{"line":51,"column":1}},"line":48},"6":{"name":"getStocksFromOwner","decl":{"start":{"line":53,"column":15},"end":{"line":53,"column":33}},"loc":{"start":{"line":53,"column":38},"end":{"line":56,"column":1}},"line":53},"7":{"name":"(anonymous_7)","decl":{"start":{"line":55,"column":30},"end":{"line":55,"column":31}},"loc":{"start":{"line":55,"column":47},"end":{"line":55,"column":61}},"line":55},"8":{"name":"getStocksFromCompany","decl":{"start":{"line":58,"column":15},"end":{"line":58,"column":35}},"loc":{"start":{"line":58,"column":40},"end":{"line":61,"column":1}},"line":58},"9":{"name":"(anonymous_9)","decl":{"start":{"line":60,"column":30},"end":{"line":60,"column":31}},"loc":{"start":{"line":60,"column":49},"end":{"line":60,"column":65}},"line":60},"10":{"name":"getTotalStocksFromOwner","decl":{"start":{"line":63,"column":15},"end":{"line":63,"column":38}},"loc":{"start":{"line":63,"column":43},"end":{"line":66,"column":1}},"line":63},"11":{"name":"(anonymous_11)","decl":{"start":{"line":65,"column":35},"end":{"line":65,"column":36}},"loc":{"start":{"line":65,"column":57},"end":{"line":65,"column":70}},"line":65},"12":{"name":"getTotalStocksFromCompany","decl":{"start":{"line":67,"column":15},"end":{"line":67,"column":40}},"loc":{"start":{"line":67,"column":45},"end":{"line":70,"column":1}},"line":67},"13":{"name":"(anonymous_13)","decl":{"start":{"line":69,"column":35},"end":{"line":69,"column":36}},"loc":{"start":{"line":69,"column":57},"end":{"line":69,"column":70}},"line":69},"14":{"name":"transferOwnership","decl":{"start":{"line":72,"column":15},"end":{"line":72,"column":32}},"loc":{"start":{"line":74,"column":3},"end":{"line":100,"column":1}},"line":74},"15":{"name":"(anonymous_15)","decl":{"start":{"line":76,"column":35},"end":{"line":76,"column":36}},"loc":{"start":{"line":76,"column":54},"end":{"line":76,"column":71}},"line":76},"16":{"name":"(anonymous_16)","decl":{"start":{"line":85,"column":40},"end":{"line":85,"column":41}},"loc":{"start":{"line":85,"column":59},"end":{"line":85,"column":76}},"line":85}},"branchMap":{"0":{"loc":{"start":{"line":15,"column":2},"end":{"line":24,"column":3}},"type":"if","locations":[{"start":{"line":15,"column":2},"end":{"line":24,"column":3}},{"start":{},"end":{}}],"line":15},"1":{"loc":{"start":{"line":22,"column":4},"end":{"line":22,"column":59}},"type":"if","locations":[{"start":{"line":22,"column":4},"end":{"line":22,"column":59}},{"start":{},"end":{}}],"line":22},"2":{"loc":{"start":{"line":34,"column":16},"end":{"line":34,"column":95}},"type":"cond-expr","locations":[{"start":{"line":34,"column":44},"end":{"line":34,"column":68}},{"start":{"line":34,"column":71},"end":{"line":34,"column":95}}],"line":34},"3":{"loc":{"start":{"line":77,"column":2},"end":{"line":77,"column":85}},"type":"if","locations":[{"start":{"line":77,"column":2},"end":{"line":77,"column":85}},{"start":{},"end":{}}],"line":77},"4":{"loc":{"start":{"line":78,"column":2},"end":{"line":78,"column":105}},"type":"if","locations":[{"start":{"line":78,"column":2},"end":{"line":78,"column":105}},{"start":{},"end":{}}],"line":78},"5":{"loc":{"start":{"line":78,"column":6},"end":{"line":78,"column":58}},"type":"binary-expr","locations":[{"start":{"line":78,"column":6},"end":{"line":78,"column":28}},{"start":{"line":78,"column":32},"end":{"line":78,"column":58}}],"line":78}},"s":{"0":6,"1":6,"2":6,"3":6,"4":6,"5":6,"6":6,"7":6,"8":6,"9":6,"10":9,"11":26,"12":8,"13":8,"14":1,"15":7,"16":1,"17":1,"18":1,"19":19,"20":19,"21":19,"22":19,"23":16,"24":16,"25":3,"26":3,"27":14,"28":14,"29":630,"30":2,"31":2,"32":90,"33":2,"34":2,"35":45,"36":1,"37":1,"38":2,"39":4,"40":4,"41":90,"42":4,"43":1,"44":3,"45":1,"46":2,"47":2,"48":2,"49":2,"50":2,"51":286,"52":2,"53":2,"54":2,"55":20,"56":2,"57":2,"58":6},"f":{"0":9,"1":26,"2":1,"3":19,"4":16,"5":3,"6":14,"7":630,"8":2,"9":90,"10":2,"11":45,"12":1,"13":2,"14":4,"15":90,"16":286},"b":{"0":[8,1],"1":[1,7],"2":[16,3],"3":[1,3],"4":[1,2],"5":[3,3]},"_coverageSchema":"1a1c01bbd47fc00a2c39e90264f33305004495a9","hash":"b2d24e5aea5042ec2c81c4081693604449a3edd9"}
,"C:\\Users\\Leo\\Desktop\\Projetos\\case-xp\\backend\\src\\model\\timeStocks.model.js": {"path":"C:\\Users\\Leo\\Desktop\\Projetos\\case-xp\\backend\\src\\model\\timeStocks.model.js","statementMap":{"0":{"start":{"line":1,"column":19},"end":{"line":1,"column":48}},"1":{"start":{"line":5,"column":19},"end":{"line":5,"column":32}},"2":{"start":{"line":6,"column":2},"end":{"line":6,"column":32}},"3":{"start":{"line":7,"column":16},"end":{"line":13,"column":49}},"4":{"start":{"line":14,"column":2},"end":{"line":14,"column":18}},"5":{"start":{"line":18,"column":22},"end":{"line":18,"column":24}},"6":{"start":{"line":19,"column":2},"end":{"line":21,"column":5}},"7":{"start":{"line":20,"column":4},"end":{"line":20,"column":52}},"8":{"start":{"line":22,"column":16},"end":{"line":22,"column":46}},"9":{"start":{"line":23,"column":2},"end":{"line":23,"column":15}},"10":{"start":{"line":27,"column":17},"end":{"line":27,"column":55}},"11":{"start":{"line":28,"column":2},"end":{"line":28,"column":16}},"12":{"start":{"line":32,"column":19},"end":{"line":50,"column":4}},"13":{"start":{"line":52,"column":21},"end":{"line":61,"column":4}},"14":{"start":{"line":62,"column":2},"end":{"line":62,"column":34}},"15":{"start":{"line":66,"column":23},"end":{"line":66,"column":49}},"16":{"start":{"line":67,"column":2},"end":{"line":77,"column":3}},"17":{"start":{"line":68,"column":24},"end":{"line":68,"column":26}},"18":{"start":{"line":69,"column":4},"end":{"line":71,"column":7}},"19":{"start":{"line":70,"column":6},"end":{"line":70,"column":41}},"20":{"start":{"line":72,"column":4},"end":{"line":76,"column":5}},"21":{"start":{"line":73,"column":6},"end":{"line":73,"column":31}},"22":{"start":{"line":75,"column":6},"end":{"line":75,"column":64}},"23":{"start":{"line":78,"column":14},"end":{"line":78,"column":34}},"24":{"start":{"line":79,"column":2},"end":{"line":79,"column":68}},"25":{"start":{"line":86,"column":14},"end":{"line":93,"column":4}},"26":{"start":{"line":94,"column":15},"end":{"line":100,"column":4}},"27":{"start":{"line":101,"column":2},"end":{"line":107,"column":4}},"28":{"start":{"line":110,"column":0},"end":{"line":116,"column":2}}},"fnMap":{"0":{"name":"getStockFromDay","decl":{"start":{"line":3,"column":15},"end":{"line":3,"column":30}},"loc":{"start":{"line":3,"column":58},"end":{"line":15,"column":1}},"line":3},"1":{"name":"getAllStocksFromDay","decl":{"start":{"line":17,"column":15},"end":{"line":17,"column":34}},"loc":{"start":{"line":17,"column":53},"end":{"line":24,"column":1}},"line":17},"2":{"name":"(anonymous_2)","decl":{"start":{"line":19,"column":28},"end":{"line":19,"column":29}},"loc":{"start":{"line":19,"column":47},"end":{"line":21,"column":3}},"line":19},"3":{"name":"getAllStocks","decl":{"start":{"line":26,"column":15},"end":{"line":26,"column":27}},"loc":{"start":{"line":26,"column":30},"end":{"line":29,"column":1}},"line":26},"4":{"name":"saveStock","decl":{"start":{"line":31,"column":15},"end":{"line":31,"column":24}},"loc":{"start":{"line":31,"column":32},"end":{"line":63,"column":1}},"line":31},"5":{"name":"initializeStocks","decl":{"start":{"line":65,"column":15},"end":{"line":65,"column":31}},"loc":{"start":{"line":65,"column":40},"end":{"line":80,"column":1}},"line":65},"6":{"name":"(anonymous_6)","decl":{"start":{"line":69,"column":19},"end":{"line":69,"column":20}},"loc":{"start":{"line":69,"column":36},"end":{"line":71,"column":5}},"line":69},"7":{"name":"getSuggestions","decl":{"start":{"line":82,"column":15},"end":{"line":82,"column":29}},"loc":{"start":{"line":84,"column":3},"end":{"line":108,"column":1}},"line":84}},"branchMap":{"0":{"loc":{"start":{"line":3,"column":40},"end":{"line":3,"column":56}},"type":"default-arg","locations":[{"start":{"line":3,"column":46},"end":{"line":3,"column":56}}],"line":3},"1":{"loc":{"start":{"line":67,"column":2},"end":{"line":77,"column":3}},"type":"if","locations":[{"start":{"line":67,"column":2},"end":{"line":77,"column":3}},{"start":{},"end":{}}],"line":67}},"s":{"0":7,"1":286,"2":286,"3":286,"4":286,"5":1,"6":1,"7":143,"8":1,"9":1,"10":1,"11":1,"12":7,"13":7,"14":7,"15":2,"16":2,"17":2,"18":2,"19":5,"20":2,"21":2,"22":1,"23":1,"24":1,"25":1,"26":1,"27":1,"28":7},"f":{"0":286,"1":1,"2":143,"3":1,"4":7,"5":2,"6":5,"7":1},"b":{"0":[0],"1":[2,0]},"_coverageSchema":"1a1c01bbd47fc00a2c39e90264f33305004495a9","hash":"7f47ceacc3a18b0389242a7e080db4e3312cbfa3"}
,"C:\\Users\\Leo\\Desktop\\Projetos\\case-xp\\backend\\src\\model\\timeStocks.mongo.js": {"path":"C:\\Users\\Leo\\Desktop\\Projetos\\case-xp\\backend\\src\\model\\timeStocks.mongo.js","statementMap":{"0":{"start":{"line":1,"column":17},"end":{"line":1,"column":36}},"1":{"start":{"line":3,"column":24},"end":{"line":34,"column":1}},"2":{"start":{"line":36,"column":0},"end":{"line":36,"column":63}}},"fnMap":{},"branchMap":{},"s":{"0":7,"1":7,"2":7},"f":{},"b":{},"_coverageSchema":"1a1c01bbd47fc00a2c39e90264f33305004495a9","hash":"521519875f8676c1156e743897d1e0c53543a86a"}
,"C:\\Users\\Leo\\Desktop\\Projetos\\case-xp\\backend\\src\\model\\users.model.js": {"path":"C:\\Users\\Leo\\Desktop\\Projetos\\case-xp\\backend\\src\\model\\users.model.js","statementMap":{"0":{"start":{"line":1,"column":15},"end":{"line":1,"column":35}},"1":{"start":{"line":2,"column":28},"end":{"line":2,"column":57}},"2":{"start":{"line":3,"column":21},"end":{"line":3,"column":51}},"3":{"start":{"line":5,"column":26},"end":{"line":5,"column":88}},"4":{"start":{"line":7,"column":2},"end":{"line":16,"column":3}},"5":{"start":{"line":7,"column":50},"end":{"line":7,"column":59}},"6":{"start":{"line":8,"column":19},"end":{"line":13,"column":6}},"7":{"start":{"line":14,"column":4},"end":{"line":14,"column":59}},"8":{"start":{"line":14,"column":29},"end":{"line":14,"column":59}},"9":{"start":{"line":15,"column":4},"end":{"line":15,"column":18}},"10":{"start":{"line":17,"column":2},"end":{"line":17,"column":34}},"11":{"start":{"line":20,"column":15},"end":{"line":20,"column":46}},"12":{"start":{"line":21,"column":2},"end":{"line":30,"column":3}},"13":{"start":{"line":21,"column":23},"end":{"line":21,"column":33}},"14":{"start":{"line":21,"column":55},"end":{"line":21,"column":65}},"15":{"start":{"line":22,"column":19},"end":{"line":27,"column":6}},"16":{"start":{"line":28,"column":4},"end":{"line":28,"column":59}},"17":{"start":{"line":28,"column":29},"end":{"line":28,"column":59}},"18":{"start":{"line":29,"column":4},"end":{"line":29,"column":18}},"19":{"start":{"line":31,"column":2},"end":{"line":31,"column":35}},"20":{"start":{"line":35,"column":22},"end":{"line":39,"column":3}},"21":{"start":{"line":40,"column":29},"end":{"line":40,"column":75}},"22":{"start":{"line":41,"column":2},"end":{"line":41,"column":78}},"23":{"start":{"line":41,"column":15},"end":{"line":41,"column":78}},"24":{"start":{"line":42,"column":2},"end":{"line":42,"column":65}},"25":{"start":{"line":46,"column":15},"end":{"line":46,"column":52}},"26":{"start":{"line":47,"column":2},"end":{"line":47,"column":42}},"27":{"start":{"line":48,"column":22},"end":{"line":48,"column":47}},"28":{"start":{"line":49,"column":2},"end":{"line":49,"column":26}},"29":{"start":{"line":53,"column":15},"end":{"line":53,"column":52}},"30":{"start":{"line":54,"column":2},"end":{"line":54,"column":74}},"31":{"start":{"line":54,"column":35},"end":{"line":54,"column":74}},"32":{"start":{"line":55,"column":2},"end":{"line":55,"column":42}},"33":{"start":{"line":56,"column":22},"end":{"line":56,"column":47}},"34":{"start":{"line":57,"column":2},"end":{"line":57,"column":26}},"35":{"start":{"line":61,"column":17},"end":{"line":61,"column":63}},"36":{"start":{"line":62,"column":16},"end":{"line":62,"column":57}},"37":{"start":{"line":63,"column":2},"end":{"line":63,"column":105}},"38":{"start":{"line":63,"column":59},"end":{"line":63,"column":105}},"39":{"start":{"line":64,"column":2},"end":{"line":64,"column":49}},"40":{"start":{"line":65,"column":2},"end":{"line":65,"column":47}},"41":{"start":{"line":66,"column":2},"end":{"line":66,"column":29}},"42":{"start":{"line":67,"column":2},"end":{"line":67,"column":30}},"43":{"start":{"line":68,"column":2},"end":{"line":68,"column":60}},"44":{"start":{"line":72,"column":15},"end":{"line":72,"column":50}},"45":{"start":{"line":74,"column":2},"end":{"line":76,"column":5}},"46":{"start":{"line":78,"column":2},"end":{"line":82,"column":3}},"47":{"start":{"line":79,"column":4},"end":{"line":79,"column":40}},"48":{"start":{"line":81,"column":4},"end":{"line":81,"column":58}},"49":{"start":{"line":83,"column":2},"end":{"line":83,"column":41}},"50":{"start":{"line":87,"column":17},"end":{"line":87,"column":58}},"51":{"start":{"line":88,"column":2},"end":{"line":88,"column":14}},"52":{"start":{"line":91,"column":0},"end":{"line":100,"column":2}}},"fnMap":{"0":{"name":"getUsersByAttribute","decl":{"start":{"line":6,"column":15},"end":{"line":6,"column":34}},"loc":{"start":{"line":6,"column":47},"end":{"line":18,"column":1}},"line":6},"1":{"name":"(anonymous_1)","decl":{"start":{"line":7,"column":43},"end":{"line":7,"column":44}},"loc":{"start":{"line":7,"column":50},"end":{"line":7,"column":59}},"line":7},"2":{"name":"getUsersByTwoAttributes","decl":{"start":{"line":19,"column":15},"end":{"line":19,"column":38}},"loc":{"start":{"line":19,"column":67},"end":{"line":32,"column":1}},"line":19},"3":{"name":"(anonymous_3)","decl":{"start":{"line":21,"column":16},"end":{"line":21,"column":17}},"loc":{"start":{"line":21,"column":23},"end":{"line":21,"column":33}},"line":21},"4":{"name":"(anonymous_4)","decl":{"start":{"line":21,"column":48},"end":{"line":21,"column":49}},"loc":{"start":{"line":21,"column":55},"end":{"line":21,"column":65}},"line":21},"5":{"name":"upsertUser","decl":{"start":{"line":34,"column":15},"end":{"line":34,"column":25}},"loc":{"start":{"line":34,"column":32},"end":{"line":43,"column":1}},"line":34},"6":{"name":"deposit","decl":{"start":{"line":45,"column":15},"end":{"line":45,"column":22}},"loc":{"start":{"line":45,"column":44},"end":{"line":50,"column":1}},"line":45},"7":{"name":"withdraw","decl":{"start":{"line":52,"column":15},"end":{"line":52,"column":23}},"loc":{"start":{"line":52,"column":45},"end":{"line":58,"column":1}},"line":52},"8":{"name":"transferFunds","decl":{"start":{"line":60,"column":15},"end":{"line":60,"column":28}},"loc":{"start":{"line":60,"column":62},"end":{"line":69,"column":1}},"line":60},"9":{"name":"deleteUserById","decl":{"start":{"line":71,"column":15},"end":{"line":71,"column":29}},"loc":{"start":{"line":71,"column":34},"end":{"line":84,"column":1}},"line":71},"10":{"name":"getRoot","decl":{"start":{"line":86,"column":15},"end":{"line":86,"column":22}},"loc":{"start":{"line":86,"column":25},"end":{"line":89,"column":1}},"line":86}},"branchMap":{"0":{"loc":{"start":{"line":7,"column":2},"end":{"line":16,"column":3}},"type":"if","locations":[{"start":{"line":7,"column":2},"end":{"line":16,"column":3}},{"start":{},"end":{}}],"line":7},"1":{"loc":{"start":{"line":14,"column":4},"end":{"line":14,"column":59}},"type":"if","locations":[{"start":{"line":14,"column":4},"end":{"line":14,"column":59}},{"start":{},"end":{}}],"line":14},"2":{"loc":{"start":{"line":21,"column":2},"end":{"line":30,"column":3}},"type":"if","locations":[{"start":{"line":21,"column":2},"end":{"line":30,"column":3}},{"start":{},"end":{}}],"line":21},"3":{"loc":{"start":{"line":21,"column":6},"end":{"line":21,"column":66}},"type":"binary-expr","locations":[{"start":{"line":21,"column":6},"end":{"line":21,"column":34}},{"start":{"line":21,"column":38},"end":{"line":21,"column":66}}],"line":21},"4":{"loc":{"start":{"line":28,"column":4},"end":{"line":28,"column":59}},"type":"if","locations":[{"start":{"line":28,"column":4},"end":{"line":28,"column":59}},{"start":{},"end":{}}],"line":28},"5":{"loc":{"start":{"line":41,"column":2},"end":{"line":41,"column":78}},"type":"if","locations":[{"start":{"line":41,"column":2},"end":{"line":41,"column":78}},{"start":{},"end":{}}],"line":41},"6":{"loc":{"start":{"line":54,"column":2},"end":{"line":54,"column":74}},"type":"if","locations":[{"start":{"line":54,"column":2},"end":{"line":54,"column":74}},{"start":{},"end":{}}],"line":54},"7":{"loc":{"start":{"line":63,"column":2},"end":{"line":63,"column":105}},"type":"if","locations":[{"start":{"line":63,"column":2},"end":{"line":63,"column":105}},{"start":{},"end":{}}],"line":63},"8":{"loc":{"start":{"line":63,"column":6},"end":{"line":63,"column":57}},"type":"binary-expr","locations":[{"start":{"line":63,"column":6},"end":{"line":63,"column":22}},{"start":{"line":63,"column":26},"end":{"line":63,"column":57}}],"line":63}},"s":{"0":7,"1":7,"2":7,"3":7,"4":52,"5":70,"6":51,"7":51,"8":2,"9":49,"10":1,"11":4,"12":4,"13":12,"14":21,"15":3,"16":3,"17":1,"18":2,"19":1,"20":9,"21":9,"22":9,"23":1,"24":8,"25":1,"26":1,"27":1,"28":1,"29":2,"30":2,"31":1,"32":1,"33":1,"34":1,"35":2,"36":2,"37":2,"38":0,"39":2,"40":2,"41":2,"42":2,"43":2,"44":1,"45":1,"46":1,"47":1,"48":1,"49":0,"50":1,"51":1,"52":7},"f":{"0":52,"1":70,"2":4,"3":12,"4":21,"5":9,"6":1,"7":2,"8":2,"9":1,"10":1},"b":{"0":[51,1],"1":[2,49],"2":[3,1],"3":[4,4],"4":[1,2],"5":[1,8],"6":[1,1],"7":[0,2],"8":[2,1]},"_coverageSchema":"1a1c01bbd47fc00a2c39e90264f33305004495a9","hash":"7d0f8fb8d175fbded00ec4e6c84b360cca7bd89a"}
,"C:\\Users\\Leo\\Desktop\\Projetos\\case-xp\\backend\\src\\routes\\api_v1.js": {"path":"C:\\Users\\Leo\\Desktop\\Projetos\\case-xp\\backend\\src\\routes\\api_v1.js","statementMap":{"0":{"start":{"line":1,"column":16},"end":{"line":1,"column":34}},"1":{"start":{"line":3,"column":33},"end":{"line":3,"column":68}},"2":{"start":{"line":5,"column":22},"end":{"line":5,"column":57}},"3":{"start":{"line":6,"column":21},"end":{"line":6,"column":54}},"4":{"start":{"line":7,"column":26},"end":{"line":7,"column":69}},"5":{"start":{"line":8,"column":20},"end":{"line":8,"column":51}},"6":{"start":{"line":10,"column":14},"end":{"line":10,"column":30}},"7":{"start":{"line":12,"column":0},"end":{"line":28,"column":3}},"8":{"start":{"line":13,"column":24},"end":{"line":13,"column":43}},"9":{"start":{"line":14,"column":23},"end":{"line":14,"column":54}},"10":{"start":{"line":15,"column":28},"end":{"line":15,"column":64}},"11":{"start":{"line":16,"column":22},"end":{"line":16,"column":39}},"12":{"start":{"line":18,"column":2},"end":{"line":18,"column":49}},"13":{"start":{"line":19,"column":2},"end":{"line":19,"column":51}},"14":{"start":{"line":21,"column":2},"end":{"line":21,"column":49}},"15":{"start":{"line":22,"column":2},"end":{"line":22,"column":49}},"16":{"start":{"line":24,"column":2},"end":{"line":24,"column":59}},"17":{"start":{"line":25,"column":2},"end":{"line":25,"column":61}},"18":{"start":{"line":27,"column":2},"end":{"line":27,"column":47}},"19":{"start":{"line":30,"column":0},"end":{"line":30,"column":23}}},"fnMap":{"0":{"name":"(anonymous_0)","decl":{"start":{"line":12,"column":28},"end":{"line":12,"column":29}},"loc":{"start":{"line":12,"column":47},"end":{"line":28,"column":1}},"line":12}},"branchMap":{},"s":{"0":4,"1":4,"2":4,"3":4,"4":4,"5":4,"6":4,"7":4,"8":4,"9":4,"10":4,"11":4,"12":4,"13":4,"14":4,"15":4,"16":4,"17":4,"18":4,"19":4},"f":{"0":4},"b":{},"_coverageSchema":"1a1c01bbd47fc00a2c39e90264f33305004495a9","hash":"efac62874f1ef60bc4300a31d6a2e91379e5bb93"}
,"C:\\Users\\Leo\\Desktop\\Projetos\\case-xp\\backend\\src\\routes\\account\\account.controller.js": {"path":"C:\\Users\\Leo\\Desktop\\Projetos\\case-xp\\backend\\src\\routes\\account\\account.controller.js","statementMap":{"0":{"start":{"line":1,"column":18},"end":{"line":1,"column":52}},"1":{"start":{"line":4,"column":13},"end":{"line":23,"column":3}},"2":{"start":{"line":5,"column":22},"end":{"line":5,"column":30}},"3":{"start":{"line":6,"column":21},"end":{"line":6,"column":24}},"4":{"start":{"line":8,"column":4},"end":{"line":8,"column":125}},"5":{"start":{"line":8,"column":30},"end":{"line":8,"column":125}},"6":{"start":{"line":10,"column":4},"end":{"line":22,"column":5}},"7":{"start":{"line":11,"column":26},"end":{"line":11,"column":88}},"8":{"start":{"line":12,"column":6},"end":{"line":19,"column":9}},"9":{"start":{"line":21,"column":6},"end":{"line":21,"column":47}},"10":{"start":{"line":25,"column":12},"end":{"line":43,"column":3}},"11":{"start":{"line":26,"column":22},"end":{"line":26,"column":30}},"12":{"start":{"line":27,"column":21},"end":{"line":27,"column":24}},"13":{"start":{"line":28,"column":4},"end":{"line":28,"column":125}},"14":{"start":{"line":28,"column":30},"end":{"line":28,"column":125}},"15":{"start":{"line":30,"column":4},"end":{"line":42,"column":5}},"16":{"start":{"line":31,"column":26},"end":{"line":31,"column":87}},"17":{"start":{"line":32,"column":6},"end":{"line":39,"column":9}},"18":{"start":{"line":41,"column":6},"end":{"line":41,"column":47}},"19":{"start":{"line":45,"column":16},"end":{"line":90,"column":3}},"20":{"start":{"line":48,"column":8},"end":{"line":48,"column":16}},"21":{"start":{"line":49,"column":4},"end":{"line":51,"column":5}},"22":{"start":{"line":50,"column":6},"end":{"line":50,"column":103}},"23":{"start":{"line":52,"column":4},"end":{"line":54,"column":5}},"24":{"start":{"line":53,"column":6},"end":{"line":53,"column":93}},"25":{"start":{"line":55,"column":4},"end":{"line":57,"column":5}},"26":{"start":{"line":56,"column":6},"end":{"line":56,"column":85}},"27":{"start":{"line":59,"column":4},"end":{"line":61,"column":5}},"28":{"start":{"line":60,"column":6},"end":{"line":60,"column":77}},"29":{"start":{"line":62,"column":4},"end":{"line":64,"column":5}},"30":{"start":{"line":63,"column":6},"end":{"line":63,"column":98}},"31":{"start":{"line":65,"column":4},"end":{"line":89,"column":5}},"32":{"start":{"line":66,"column":6},"end":{"line":66,"column":58}},"33":{"start":{"line":68,"column":6},"end":{"line":68,"column":83}},"34":{"start":{"line":70,"column":6},"end":{"line":88,"column":7}},"35":{"start":{"line":71,"column":24},"end":{"line":73,"column":10}},"36":{"start":{"line":74,"column":8},"end":{"line":83,"column":11}},"37":{"start":{"line":86,"column":8},"end":{"line":86,"column":27}},"38":{"start":{"line":87,"column":8},"end":{"line":87,"column":64}},"39":{"start":{"line":92,"column":18},"end":{"line":134,"column":3}},"40":{"start":{"line":94,"column":4},"end":{"line":132,"column":5}},"41":{"start":{"line":97,"column":10},"end":{"line":97,"column":18}},"42":{"start":{"line":98,"column":6},"end":{"line":100,"column":7}},"43":{"start":{"line":99,"column":8},"end":{"line":99,"column":99}},"44":{"start":{"line":101,"column":6},"end":{"line":103,"column":7}},"45":{"start":{"line":102,"column":8},"end":{"line":102,"column":95}},"46":{"start":{"line":104,"column":6},"end":{"line":106,"column":7}},"47":{"start":{"line":105,"column":8},"end":{"line":105,"column":87}},"48":{"start":{"line":107,"column":6},"end":{"line":109,"column":7}},"49":{"start":{"line":108,"column":8},"end":{"line":108,"column":79}},"50":{"start":{"line":110,"column":6},"end":{"line":112,"column":7}},"51":{"start":{"line":111,"column":8},"end":{"line":111,"column":100}},"52":{"start":{"line":113,"column":6},"end":{"line":131,"column":7}},"53":{"start":{"line":114,"column":24},"end":{"line":116,"column":10}},"54":{"start":{"line":117,"column":8},"end":{"line":126,"column":11}},"55":{"start":{"line":129,"column":8},"end":{"line":129,"column":27}},"56":{"start":{"line":130,"column":8},"end":{"line":130,"column":64}},"57":{"start":{"line":133,"column":4},"end":{"line":133,"column":76}},"58":{"start":{"line":136,"column":18},"end":{"line":154,"column":3}},"59":{"start":{"line":137,"column":17},"end":{"line":137,"column":42}},"60":{"start":{"line":139,"column":4},"end":{"line":141,"column":5}},"61":{"start":{"line":140,"column":6},"end":{"line":140,"column":67}},"62":{"start":{"line":143,"column":4},"end":{"line":145,"column":5}},"63":{"start":{"line":144,"column":6},"end":{"line":144,"column":81}},"64":{"start":{"line":146,"column":4},"end":{"line":153,"column":5}},"65":{"start":{"line":147,"column":26},"end":{"line":147,"column":79}},"66":{"start":{"line":148,"column":6},"end":{"line":148,"column":92}},"67":{"start":{"line":151,"column":6},"end":{"line":151,"column":23}},"68":{"start":{"line":152,"column":6},"end":{"line":152,"column":60}},"69":{"start":{"line":156,"column":15},"end":{"line":179,"column":3}},"70":{"start":{"line":157,"column":4},"end":{"line":178,"column":5}},"71":{"start":{"line":158,"column":21},"end":{"line":158,"column":85}},"72":{"start":{"line":160,"column":6},"end":{"line":169,"column":7}},"73":{"start":{"line":161,"column":8},"end":{"line":168,"column":11}},"74":{"start":{"line":170,"column":6},"end":{"line":175,"column":9}},"75":{"start":{"line":177,"column":6},"end":{"line":177,"column":47}},"76":{"start":{"line":181,"column":0},"end":{"line":181,"column":35}}},"fnMap":{"0":{"name":"(anonymous_0)","decl":{"start":{"line":4,"column":13},"end":{"line":4,"column":14}},"loc":{"start":{"line":4,"column":33},"end":{"line":23,"column":3}},"line":4},"1":{"name":"(anonymous_1)","decl":{"start":{"line":25,"column":12},"end":{"line":25,"column":13}},"loc":{"start":{"line":25,"column":32},"end":{"line":43,"column":3}},"line":25},"2":{"name":"(anonymous_2)","decl":{"start":{"line":45,"column":16},"end":{"line":45,"column":17}},"loc":{"start":{"line":45,"column":36},"end":{"line":90,"column":3}},"line":45},"3":{"name":"(anonymous_3)","decl":{"start":{"line":92,"column":18},"end":{"line":92,"column":19}},"loc":{"start":{"line":92,"column":38},"end":{"line":134,"column":3}},"line":92},"4":{"name":"(anonymous_4)","decl":{"start":{"line":136,"column":18},"end":{"line":136,"column":19}},"loc":{"start":{"line":136,"column":38},"end":{"line":154,"column":3}},"line":136},"5":{"name":"(anonymous_5)","decl":{"start":{"line":156,"column":15},"end":{"line":156,"column":16}},"loc":{"start":{"line":156,"column":35},"end":{"line":179,"column":3}},"line":156}},"branchMap":{"0":{"loc":{"start":{"line":8,"column":4},"end":{"line":8,"column":125}},"type":"if","locations":[{"start":{"line":8,"column":4},"end":{"line":8,"column":125}},{"start":{},"end":{}}],"line":8},"1":{"loc":{"start":{"line":8,"column":8},"end":{"line":8,"column":28}},"type":"binary-expr","locations":[{"start":{"line":8,"column":8},"end":{"line":8,"column":14}},{"start":{"line":8,"column":18},"end":{"line":8,"column":28}}],"line":8},"2":{"loc":{"start":{"line":28,"column":4},"end":{"line":28,"column":125}},"type":"if","locations":[{"start":{"line":28,"column":4},"end":{"line":28,"column":125}},{"start":{},"end":{}}],"line":28},"3":{"loc":{"start":{"line":28,"column":8},"end":{"line":28,"column":28}},"type":"binary-expr","locations":[{"start":{"line":28,"column":8},"end":{"line":28,"column":14}},{"start":{"line":28,"column":18},"end":{"line":28,"column":28}}],"line":28},"4":{"loc":{"start":{"line":49,"column":4},"end":{"line":51,"column":5}},"type":"if","locations":[{"start":{"line":49,"column":4},"end":{"line":51,"column":5}},{"start":{},"end":{}}],"line":49},"5":{"loc":{"start":{"line":49,"column":8},"end":{"line":49,"column":75}},"type":"binary-expr","locations":[{"start":{"line":49,"column":8},"end":{"line":49,"column":27}},{"start":{"line":49,"column":31},"end":{"line":49,"column":53}},{"start":{"line":49,"column":57},"end":{"line":49,"column":75}}],"line":49},"6":{"loc":{"start":{"line":52,"column":4},"end":{"line":54,"column":5}},"type":"if","locations":[{"start":{"line":52,"column":4},"end":{"line":54,"column":5}},{"start":{},"end":{}}],"line":52},"7":{"loc":{"start":{"line":52,"column":8},"end":{"line":52,"column":65}},"type":"binary-expr","locations":[{"start":{"line":52,"column":8},"end":{"line":52,"column":33}},{"start":{"line":52,"column":37},"end":{"line":52,"column":65}}],"line":52},"8":{"loc":{"start":{"line":55,"column":4},"end":{"line":57,"column":5}},"type":"if","locations":[{"start":{"line":55,"column":4},"end":{"line":57,"column":5}},{"start":{},"end":{}}],"line":55},"9":{"loc":{"start":{"line":55,"column":8},"end":{"line":55,"column":70}},"type":"binary-expr","locations":[{"start":{"line":55,"column":8},"end":{"line":55,"column":26}},{"start":{"line":55,"column":30},"end":{"line":55,"column":48}},{"start":{"line":55,"column":52},"end":{"line":55,"column":70}}],"line":55},"10":{"loc":{"start":{"line":59,"column":4},"end":{"line":61,"column":5}},"type":"if","locations":[{"start":{"line":59,"column":4},"end":{"line":61,"column":5}},{"start":{},"end":{}}],"line":59},"11":{"loc":{"start":{"line":62,"column":4},"end":{"line":64,"column":5}},"type":"if","locations":[{"start":{"line":62,"column":4},"end":{"line":64,"column":5}},{"start":{},"end":{}}],"line":62},"12":{"loc":{"start":{"line":94,"column":4},"end":{"line":132,"column":5}},"type":"if","locations":[{"start":{"line":94,"column":4},"end":{"line":132,"column":5}},{"start":{},"end":{}}],"line":94},"13":{"loc":{"start":{"line":98,"column":6},"end":{"line":100,"column":7}},"type":"if","locations":[{"start":{"line":98,"column":6},"end":{"line":100,"column":7}},{"start":{},"end":{}}],"line":98},"14":{"loc":{"start":{"line":98,"column":10},"end":{"line":98,"column":55}},"type":"binary-expr","locations":[{"start":{"line":98,"column":10},"end":{"line":98,"column":29}},{"start":{"line":98,"column":33},"end":{"line":98,"column":55}}],"line":98},"15":{"loc":{"start":{"line":101,"column":6},"end":{"line":103,"column":7}},"type":"if","locations":[{"start":{"line":101,"column":6},"end":{"line":103,"column":7}},{"start":{},"end":{}}],"line":101},"16":{"loc":{"start":{"line":101,"column":10},"end":{"line":101,"column":67}},"type":"binary-expr","locations":[{"start":{"line":101,"column":10},"end":{"line":101,"column":35}},{"start":{"line":101,"column":39},"end":{"line":101,"column":67}}],"line":101},"17":{"loc":{"start":{"line":104,"column":6},"end":{"line":106,"column":7}},"type":"if","locations":[{"start":{"line":104,"column":6},"end":{"line":106,"column":7}},{"start":{},"end":{}}],"line":104},"18":{"loc":{"start":{"line":104,"column":10},"end":{"line":104,"column":72}},"type":"binary-expr","locations":[{"start":{"line":104,"column":10},"end":{"line":104,"column":28}},{"start":{"line":104,"column":32},"end":{"line":104,"column":50}},{"start":{"line":104,"column":54},"end":{"line":104,"column":72}}],"line":104},"19":{"loc":{"start":{"line":107,"column":6},"end":{"line":109,"column":7}},"type":"if","locations":[{"start":{"line":107,"column":6},"end":{"line":109,"column":7}},{"start":{},"end":{}}],"line":107},"20":{"loc":{"start":{"line":110,"column":6},"end":{"line":112,"column":7}},"type":"if","locations":[{"start":{"line":110,"column":6},"end":{"line":112,"column":7}},{"start":{},"end":{}}],"line":110},"21":{"loc":{"start":{"line":139,"column":4},"end":{"line":141,"column":5}},"type":"if","locations":[{"start":{"line":139,"column":4},"end":{"line":141,"column":5}},{"start":{},"end":{}}],"line":139},"22":{"loc":{"start":{"line":143,"column":4},"end":{"line":145,"column":5}},"type":"if","locations":[{"start":{"line":143,"column":4},"end":{"line":145,"column":5}},{"start":{},"end":{}}],"line":143},"23":{"loc":{"start":{"line":160,"column":6},"end":{"line":169,"column":7}},"type":"if","locations":[{"start":{"line":160,"column":6},"end":{"line":169,"column":7}},{"start":{},"end":{}}],"line":160}},"s":{"0":4,"1":4,"2":4,"3":4,"4":4,"5":2,"6":2,"7":2,"8":1,"9":1,"10":4,"11":4,"12":4,"13":4,"14":2,"15":2,"16":2,"17":1,"18":1,"19":4,"20":8,"21":8,"22":1,"23":7,"24":1,"25":6,"26":1,"27":5,"28":1,"29":4,"30":1,"31":3,"32":3,"33":1,"34":2,"35":2,"36":1,"37":1,"38":1,"39":4,"40":8,"41":7,"42":7,"43":1,"44":6,"45":1,"46":5,"47":1,"48":4,"49":1,"50":3,"51":1,"52":2,"53":2,"54":1,"55":1,"56":1,"57":1,"58":4,"59":4,"60":4,"61":1,"62":3,"63":1,"64":2,"65":2,"66":1,"67":1,"68":1,"69":4,"70":3,"71":3,"72":2,"73":1,"74":1,"75":1,"76":4},"f":{"0":4,"1":4,"2":8,"3":8,"4":4,"5":3},"b":{"0":[2,2],"1":[4,3],"2":[2,2],"3":[4,3],"4":[1,7],"5":[8,7,7],"6":[1,6],"7":[7,6],"8":[1,5],"9":[6,6,1],"10":[1,4],"11":[1,3],"12":[7,1],"13":[1,6],"14":[7,6],"15":[1,5],"16":[6,5],"17":[1,4],"18":[5,5,1],"19":[1,3],"20":[1,2],"21":[1,3],"22":[1,2],"23":[1,1]},"_coverageSchema":"1a1c01bbd47fc00a2c39e90264f33305004495a9","hash":"c1bca879f904af7c0f9026dd8e0292dd90857712"}
,"C:\\Users\\Leo\\Desktop\\Projetos\\case-xp\\backend\\src\\routes\\account\\account.router.js": {"path":"C:\\Users\\Leo\\Desktop\\Projetos\\case-xp\\backend\\src\\routes\\account\\account.router.js","statementMap":{"0":{"start":{"line":1,"column":16},"end":{"line":1,"column":34}},"1":{"start":{"line":2,"column":26},"end":{"line":2,"column":57}},"2":{"start":{"line":3,"column":24},"end":{"line":3,"column":60}},"3":{"start":{"line":15,"column":4},"end":{"line":15,"column":71}},"4":{"start":{"line":16,"column":4},"end":{"line":16,"column":49}},"5":{"start":{"line":18,"column":4},"end":{"line":18,"column":35}},"6":{"start":{"line":19,"column":4},"end":{"line":23,"column":6}},"7":{"start":{"line":24,"column":4},"end":{"line":28,"column":6}},"8":{"start":{"line":29,"column":4},"end":{"line":33,"column":6}},"9":{"start":{"line":34,"column":4},"end":{"line":38,"column":6}},"10":{"start":{"line":39,"column":4},"end":{"line":43,"column":6}},"11":{"start":{"line":44,"column":4},"end":{"line":47,"column":6}},"12":{"start":{"line":51,"column":4},"end":{"line":51,"column":23}},"13":{"start":{"line":54,"column":0},"end":{"line":54,"column":31}}},"fnMap":{"0":{"name":"(anonymous_0)","decl":{"start":{"line":14,"column":2},"end":{"line":14,"column":3}},"loc":{"start":{"line":14,"column":16},"end":{"line":48,"column":3}},"line":14},"1":{"name":"(anonymous_1)","decl":{"start":{"line":50,"column":2},"end":{"line":50,"column":3}},"loc":{"start":{"line":50,"column":14},"end":{"line":52,"column":3}},"line":50}},"branchMap":{},"s":{"0":4,"1":4,"2":4,"3":4,"4":4,"5":4,"6":4,"7":4,"8":4,"9":4,"10":4,"11":4,"12":8,"13":4},"f":{"0":4,"1":8},"b":{},"_coverageSchema":"1a1c01bbd47fc00a2c39e90264f33305004495a9","hash":"0370afa0ad25b0846b7fb739f23627445d6c6cbc"}
,"C:\\Users\\Leo\\Desktop\\Projetos\\case-xp\\backend\\src\\routes\\assets\\assets.controller.js": {"path":"C:\\Users\\Leo\\Desktop\\Projetos\\case-xp\\backend\\src\\routes\\assets\\assets.controller.js","statementMap":{"0":{"start":{"line":1,"column":19},"end":{"line":1,"column":54}},"1":{"start":{"line":2,"column":21},"end":{"line":2,"column":59}},"2":{"start":{"line":8,"column":4},"end":{"line":8,"column":39}},"3":{"start":{"line":11,"column":14},"end":{"line":28,"column":3}},"4":{"start":{"line":12,"column":4},"end":{"line":15,"column":5}},"5":{"start":{"line":13,"column":6},"end":{"line":14,"column":57}},"6":{"start":{"line":16,"column":27},"end":{"line":16,"column":35}},"7":{"start":{"line":17,"column":4},"end":{"line":18,"column":50}},"8":{"start":{"line":18,"column":39},"end":{"line":18,"column":50}},"9":{"start":{"line":19,"column":4},"end":{"line":19,"column":68}},"10":{"start":{"line":19,"column":58},"end":{"line":19,"column":68}},"11":{"start":{"line":20,"column":4},"end":{"line":27,"column":5}},"12":{"start":{"line":21,"column":25},"end":{"line":21,"column":86}},"13":{"start":{"line":22,"column":6},"end":{"line":22,"column":39}},"14":{"start":{"line":25,"column":6},"end":{"line":25,"column":23}},"15":{"start":{"line":26,"column":6},"end":{"line":26,"column":53}},"16":{"start":{"line":30,"column":8},"end":{"line":74,"column":3}},"17":{"start":{"line":31,"column":21},"end":{"line":31,"column":29}},"18":{"start":{"line":32,"column":19},"end":{"line":32,"column":29}},"19":{"start":{"line":33,"column":4},"end":{"line":35,"column":5}},"20":{"start":{"line":34,"column":6},"end":{"line":34,"column":74}},"21":{"start":{"line":36,"column":4},"end":{"line":38,"column":5}},"22":{"start":{"line":37,"column":6},"end":{"line":37,"column":93}},"23":{"start":{"line":39,"column":4},"end":{"line":73,"column":5}},"24":{"start":{"line":40,"column":6},"end":{"line":51,"column":7}},"25":{"start":{"line":41,"column":24},"end":{"line":41,"column":82}},"26":{"start":{"line":42,"column":22},"end":{"line":42,"column":76}},"27":{"start":{"line":43,"column":31},"end":{"line":43,"column":81}},"28":{"start":{"line":44,"column":8},"end":{"line":50,"column":11}},"29":{"start":{"line":52,"column":6},"end":{"line":55,"column":7}},"30":{"start":{"line":53,"column":8},"end":{"line":54,"column":71}},"31":{"start":{"line":56,"column":20},"end":{"line":56,"column":67}},"32":{"start":{"line":57,"column":26},"end":{"line":57,"column":28}},"33":{"start":{"line":58,"column":6},"end":{"line":60,"column":9}},"34":{"start":{"line":59,"column":8},"end":{"line":59,"column":80}},"35":{"start":{"line":61,"column":21},"end":{"line":61,"column":51}},"36":{"start":{"line":62,"column":26},"end":{"line":69,"column":7}},"37":{"start":{"line":63,"column":27},"end":{"line":68,"column":9}},"38":{"start":{"line":70,"column":6},"end":{"line":70,"column":47}},"39":{"start":{"line":72,"column":6},"end":{"line":72,"column":47}},"40":{"start":{"line":76,"column":0},"end":{"line":76,"column":34}}},"fnMap":{"0":{"name":"(anonymous_0)","decl":{"start":{"line":7,"column":2},"end":{"line":7,"column":3}},"loc":{"start":{"line":7,"column":29},"end":{"line":9,"column":3}},"line":7},"1":{"name":"(anonymous_1)","decl":{"start":{"line":11,"column":14},"end":{"line":11,"column":15}},"loc":{"start":{"line":11,"column":34},"end":{"line":28,"column":3}},"line":11},"2":{"name":"(anonymous_2)","decl":{"start":{"line":30,"column":8},"end":{"line":30,"column":9}},"loc":{"start":{"line":30,"column":28},"end":{"line":74,"column":3}},"line":30},"3":{"name":"(anonymous_3)","decl":{"start":{"line":58,"column":20},"end":{"line":58,"column":21}},"loc":{"start":{"line":58,"column":27},"end":{"line":60,"column":7}},"line":58},"4":{"name":"(anonymous_4)","decl":{"start":{"line":63,"column":8},"end":{"line":63,"column":9}},"loc":{"start":{"line":63,"column":27},"end":{"line":68,"column":9}},"line":63}},"branchMap":{"0":{"loc":{"start":{"line":12,"column":4},"end":{"line":15,"column":5}},"type":"if","locations":[{"start":{"line":12,"column":4},"end":{"line":15,"column":5}},{"start":{},"end":{}}],"line":12},"1":{"loc":{"start":{"line":17,"column":4},"end":{"line":18,"column":50}},"type":"if","locations":[{"start":{"line":17,"column":4},"end":{"line":18,"column":50}},{"start":{},"end":{}}],"line":17},"2":{"loc":{"start":{"line":17,"column":8},"end":{"line":18,"column":37}},"type":"binary-expr","locations":[{"start":{"line":17,"column":8},"end":{"line":17,"column":28}},{"start":{"line":18,"column":9},"end":{"line":18,"column":37}}],"line":17},"3":{"loc":{"start":{"line":19,"column":4},"end":{"line":19,"column":68}},"type":"if","locations":[{"start":{"line":19,"column":4},"end":{"line":19,"column":68}},{"start":{},"end":{}}],"line":19},"4":{"loc":{"start":{"line":19,"column":8},"end":{"line":19,"column":56}},"type":"binary-expr","locations":[{"start":{"line":19,"column":8},"end":{"line":19,"column":26}},{"start":{"line":19,"column":30},"end":{"line":19,"column":56}}],"line":19},"5":{"loc":{"start":{"line":33,"column":4},"end":{"line":35,"column":5}},"type":"if","locations":[{"start":{"line":33,"column":4},"end":{"line":35,"column":5}},{"start":{},"end":{}}],"line":33},"6":{"loc":{"start":{"line":36,"column":4},"end":{"line":38,"column":5}},"type":"if","locations":[{"start":{"line":36,"column":4},"end":{"line":38,"column":5}},{"start":{},"end":{}}],"line":36},"7":{"loc":{"start":{"line":36,"column":8},"end":{"line":36,"column":73}},"type":"binary-expr","locations":[{"start":{"line":36,"column":8},"end":{"line":36,"column":38}},{"start":{"line":36,"column":42},"end":{"line":36,"column":73}}],"line":36},"8":{"loc":{"start":{"line":40,"column":6},"end":{"line":51,"column":7}},"type":"if","locations":[{"start":{"line":40,"column":6},"end":{"line":51,"column":7}},{"start":{},"end":{}}],"line":40},"9":{"loc":{"start":{"line":52,"column":6},"end":{"line":55,"column":7}},"type":"if","locations":[{"start":{"line":52,"column":6},"end":{"line":55,"column":7}},{"start":{},"end":{}}],"line":52}},"s":{"0":4,"1":4,"2":4,"3":4,"4":2,"5":1,"6":2,"7":2,"8":2,"9":2,"10":1,"11":2,"12":2,"13":1,"14":1,"15":1,"16":4,"17":6,"18":6,"19":6,"20":1,"21":5,"22":1,"23":4,"24":4,"25":2,"26":1,"27":1,"28":1,"29":2,"30":1,"31":1,"32":1,"33":1,"34":3,"35":1,"36":1,"37":3,"38":1,"39":1,"40":4},"f":{"0":4,"1":2,"2":6,"3":3,"4":3},"b":{"0":[1,1],"1":[2,0],"2":[2,0],"3":[1,1],"4":[2,1],"5":[1,5],"6":[1,4],"7":[5,3],"8":[2,2],"9":[1,1]},"_coverageSchema":"1a1c01bbd47fc00a2c39e90264f33305004495a9","hash":"5531bceced5a1dcbffc2f0af411041367258247d"}
,"C:\\Users\\Leo\\Desktop\\Projetos\\case-xp\\backend\\src\\routes\\assets\\assets.router.js": {"path":"C:\\Users\\Leo\\Desktop\\Projetos\\case-xp\\backend\\src\\routes\\assets\\assets.router.js","statementMap":{"0":{"start":{"line":1,"column":16},"end":{"line":1,"column":34}},"1":{"start":{"line":2,"column":25},"end":{"line":2,"column":55}},"2":{"start":{"line":3,"column":24},"end":{"line":3,"column":60}},"3":{"start":{"line":15,"column":4},"end":{"line":15,"column":39}},"4":{"start":{"line":16,"column":4},"end":{"line":16,"column":69}},"5":{"start":{"line":17,"column":4},"end":{"line":17,"column":49}},"6":{"start":{"line":19,"column":4},"end":{"line":19,"column":35}},"7":{"start":{"line":20,"column":4},"end":{"line":24,"column":6}},"8":{"start":{"line":25,"column":4},"end":{"line":25,"column":58}},"9":{"start":{"line":29,"column":4},"end":{"line":29,"column":23}},"10":{"start":{"line":32,"column":0},"end":{"line":32,"column":30}}},"fnMap":{"0":{"name":"(anonymous_0)","decl":{"start":{"line":14,"column":2},"end":{"line":14,"column":3}},"loc":{"start":{"line":14,"column":29},"end":{"line":26,"column":3}},"line":14},"1":{"name":"(anonymous_1)","decl":{"start":{"line":28,"column":2},"end":{"line":28,"column":3}},"loc":{"start":{"line":28,"column":14},"end":{"line":30,"column":3}},"line":28}},"branchMap":{},"s":{"0":4,"1":4,"2":4,"3":4,"4":4,"5":4,"6":4,"7":4,"8":4,"9":8,"10":4},"f":{"0":4,"1":8},"b":{},"_coverageSchema":"1a1c01bbd47fc00a2c39e90264f33305004495a9","hash":"d34802a4e9e9615183decd879b07711ff9b05f5f"}
,"C:\\Users\\Leo\\Desktop\\Projetos\\case-xp\\backend\\src\\routes\\investments\\investments.controller.js": {"path":"C:\\Users\\Leo\\Desktop\\Projetos\\case-xp\\backend\\src\\routes\\investments\\investments.controller.js","statementMap":{"0":{"start":{"line":3,"column":18},"end":{"line":3,"column":52}},"1":{"start":{"line":4,"column":19},"end":{"line":4,"column":54}},"2":{"start":{"line":5,"column":21},"end":{"line":5,"column":59}},"3":{"start":{"line":6,"column":23},"end":{"line":6,"column":62}},"4":{"start":{"line":10,"column":4},"end":{"line":10,"column":39}},"5":{"start":{"line":13,"column":19},"end":{"line":64,"column":3}},"6":{"start":{"line":14,"column":21},"end":{"line":14,"column":29}},"7":{"start":{"line":15,"column":4},"end":{"line":17,"column":5}},"8":{"start":{"line":16,"column":6},"end":{"line":16,"column":94}},"9":{"start":{"line":19,"column":4},"end":{"line":21,"column":5}},"10":{"start":{"line":20,"column":6},"end":{"line":20,"column":88}},"11":{"start":{"line":23,"column":15},"end":{"line":23,"column":36}},"12":{"start":{"line":24,"column":4},"end":{"line":26,"column":5}},"13":{"start":{"line":25,"column":6},"end":{"line":25,"column":78}},"14":{"start":{"line":27,"column":19},"end":{"line":27,"column":64}},"15":{"start":{"line":28,"column":17},"end":{"line":28,"column":42}},"16":{"start":{"line":29,"column":18},"end":{"line":29,"column":65}},"17":{"start":{"line":30,"column":21},"end":{"line":30,"column":73}},"18":{"start":{"line":31,"column":22},"end":{"line":31,"column":55}},"19":{"start":{"line":32,"column":19},"end":{"line":32,"column":21}},"20":{"start":{"line":34,"column":4},"end":{"line":37,"column":5}},"21":{"start":{"line":34,"column":17},"end":{"line":34,"column":18}},"22":{"start":{"line":35,"column":30},"end":{"line":35,"column":105}},"23":{"start":{"line":36,"column":6},"end":{"line":36,"column":31}},"24":{"start":{"line":38,"column":4},"end":{"line":45,"column":7}},"25":{"start":{"line":39,"column":22},"end":{"line":39,"column":69}},"26":{"start":{"line":39,"column":44},"end":{"line":39,"column":68}},"27":{"start":{"line":40,"column":6},"end":{"line":44,"column":8}},"28":{"start":{"line":46,"column":28},"end":{"line":58,"column":6}},"29":{"start":{"line":47,"column":20},"end":{"line":47,"column":87}},"30":{"start":{"line":47,"column":43},"end":{"line":47,"column":86}},"31":{"start":{"line":48,"column":6},"end":{"line":57,"column":8}},"32":{"start":{"line":59,"column":24},"end":{"line":61,"column":6}},"33":{"start":{"line":63,"column":4},"end":{"line":63,"column":49}},"34":{"start":{"line":66,"column":13},"end":{"line":88,"column":3}},"35":{"start":{"line":67,"column":47},"end":{"line":67,"column":55}},"36":{"start":{"line":68,"column":4},"end":{"line":70,"column":5}},"37":{"start":{"line":69,"column":6},"end":{"line":69,"column":115}},"38":{"start":{"line":71,"column":4},"end":{"line":71,"column":114}},"39":{"start":{"line":71,"column":25},"end":{"line":71,"column":112}},"40":{"start":{"line":72,"column":17},"end":{"line":72,"column":42}},"41":{"start":{"line":73,"column":4},"end":{"line":73,"column":104}},"42":{"start":{"line":73,"column":32},"end":{"line":73,"column":104}},"43":{"start":{"line":74,"column":4},"end":{"line":87,"column":5}},"44":{"start":{"line":75,"column":23},"end":{"line":81,"column":8}},"45":{"start":{"line":82,"column":6},"end":{"line":82,"column":65}},"46":{"start":{"line":85,"column":6},"end":{"line":85,"column":23}},"47":{"start":{"line":86,"column":6},"end":{"line":86,"column":60}},"48":{"start":{"line":90,"column":14},"end":{"line":113,"column":3}},"49":{"start":{"line":91,"column":47},"end":{"line":91,"column":55}},"50":{"start":{"line":92,"column":4},"end":{"line":94,"column":5}},"51":{"start":{"line":93,"column":6},"end":{"line":93,"column":115}},"52":{"start":{"line":95,"column":4},"end":{"line":95,"column":114}},"53":{"start":{"line":95,"column":25},"end":{"line":95,"column":112}},"54":{"start":{"line":96,"column":17},"end":{"line":96,"column":42}},"55":{"start":{"line":97,"column":4},"end":{"line":97,"column":104}},"56":{"start":{"line":97,"column":32},"end":{"line":97,"column":104}},"57":{"start":{"line":99,"column":4},"end":{"line":112,"column":5}},"58":{"start":{"line":100,"column":23},"end":{"line":106,"column":8}},"59":{"start":{"line":107,"column":6},"end":{"line":107,"column":65}},"60":{"start":{"line":110,"column":6},"end":{"line":110,"column":25}},"61":{"start":{"line":111,"column":6},"end":{"line":111,"column":62}},"62":{"start":{"line":116,"column":0},"end":{"line":116,"column":39}}},"fnMap":{"0":{"name":"(anonymous_0)","decl":{"start":{"line":9,"column":2},"end":{"line":9,"column":3}},"loc":{"start":{"line":9,"column":29},"end":{"line":11,"column":3}},"line":9},"1":{"name":"(anonymous_1)","decl":{"start":{"line":13,"column":19},"end":{"line":13,"column":20}},"loc":{"start":{"line":13,"column":39},"end":{"line":64,"column":3}},"line":13},"2":{"name":"(anonymous_2)","decl":{"start":{"line":38,"column":32},"end":{"line":38,"column":33}},"loc":{"start":{"line":38,"column":43},"end":{"line":45,"column":5}},"line":38},"3":{"name":"(anonymous_3)","decl":{"start":{"line":39,"column":37},"end":{"line":39,"column":38}},"loc":{"start":{"line":39,"column":44},"end":{"line":39,"column":68}},"line":39},"4":{"name":"(anonymous_4)","decl":{"start":{"line":46,"column":43},"end":{"line":46,"column":44}},"loc":{"start":{"line":46,"column":58},"end":{"line":58,"column":5}},"line":46},"5":{"name":"(anonymous_5)","decl":{"start":{"line":47,"column":32},"end":{"line":47,"column":33}},"loc":{"start":{"line":47,"column":43},"end":{"line":47,"column":86}},"line":47},"6":{"name":"(anonymous_6)","decl":{"start":{"line":66,"column":13},"end":{"line":66,"column":14}},"loc":{"start":{"line":66,"column":33},"end":{"line":88,"column":3}},"line":66},"7":{"name":"(anonymous_7)","decl":{"start":{"line":90,"column":14},"end":{"line":90,"column":15}},"loc":{"start":{"line":90,"column":34},"end":{"line":113,"column":3}},"line":90}},"branchMap":{"0":{"loc":{"start":{"line":15,"column":4},"end":{"line":17,"column":5}},"type":"if","locations":[{"start":{"line":15,"column":4},"end":{"line":17,"column":5}},{"start":{},"end":{}}],"line":15},"1":{"loc":{"start":{"line":15,"column":8},"end":{"line":15,"column":48}},"type":"binary-expr","locations":[{"start":{"line":15,"column":8},"end":{"line":15,"column":26}},{"start":{"line":15,"column":30},"end":{"line":15,"column":48}}],"line":15},"2":{"loc":{"start":{"line":19,"column":4},"end":{"line":21,"column":5}},"type":"if","locations":[{"start":{"line":19,"column":4},"end":{"line":21,"column":5}},{"start":{},"end":{}}],"line":19},"3":{"loc":{"start":{"line":24,"column":4},"end":{"line":26,"column":5}},"type":"if","locations":[{"start":{"line":24,"column":4},"end":{"line":26,"column":5}},{"start":{},"end":{}}],"line":24},"4":{"loc":{"start":{"line":68,"column":4},"end":{"line":70,"column":5}},"type":"if","locations":[{"start":{"line":68,"column":4},"end":{"line":70,"column":5}},{"start":{},"end":{}}],"line":68},"5":{"loc":{"start":{"line":68,"column":8},"end":{"line":68,"column":84}},"type":"binary-expr","locations":[{"start":{"line":68,"column":8},"end":{"line":68,"column":32}},{"start":{"line":68,"column":36},"end":{"line":68,"column":58}},{"start":{"line":68,"column":62},"end":{"line":68,"column":84}}],"line":68},"6":{"loc":{"start":{"line":71,"column":4},"end":{"line":71,"column":114}},"type":"if","locations":[{"start":{"line":71,"column":4},"end":{"line":71,"column":114}},{"start":{},"end":{}}],"line":71},"7":{"loc":{"start":{"line":73,"column":4},"end":{"line":73,"column":104}},"type":"if","locations":[{"start":{"line":73,"column":4},"end":{"line":73,"column":104}},{"start":{},"end":{}}],"line":73},"8":{"loc":{"start":{"line":92,"column":4},"end":{"line":94,"column":5}},"type":"if","locations":[{"start":{"line":92,"column":4},"end":{"line":94,"column":5}},{"start":{},"end":{}}],"line":92},"9":{"loc":{"start":{"line":92,"column":8},"end":{"line":92,"column":84}},"type":"binary-expr","locations":[{"start":{"line":92,"column":8},"end":{"line":92,"column":32}},{"start":{"line":92,"column":36},"end":{"line":92,"column":58}},{"start":{"line":92,"column":62},"end":{"line":92,"column":84}}],"line":92},"10":{"loc":{"start":{"line":95,"column":4},"end":{"line":95,"column":114}},"type":"if","locations":[{"start":{"line":95,"column":4},"end":{"line":95,"column":114}},{"start":{},"end":{}}],"line":95},"11":{"loc":{"start":{"line":97,"column":4},"end":{"line":97,"column":104}},"type":"if","locations":[{"start":{"line":97,"column":4},"end":{"line":97,"column":104}},{"start":{},"end":{}}],"line":97}},"s":{"0":4,"1":4,"2":4,"3":4,"4":4,"5":4,"6":4,"7":4,"8":1,"9":3,"10":1,"11":2,"12":2,"13":1,"14":1,"15":1,"16":1,"17":1,"18":1,"19":1,"20":1,"21":1,"22":3,"23":3,"24":1,"25":3,"26":6,"27":3,"28":1,"29":3,"30":3,"31":3,"32":1,"33":1,"34":4,"35":5,"36":5,"37":1,"38":4,"39":1,"40":3,"41":3,"42":1,"43":2,"44":2,"45":1,"46":1,"47":1,"48":4,"49":5,"50":5,"51":1,"52":4,"53":1,"54":3,"55":3,"56":1,"57":2,"58":2,"59":1,"60":1,"61":1,"62":4},"f":{"0":4,"1":4,"2":3,"3":6,"4":3,"5":3,"6":5,"7":5},"b":{"0":[1,3],"1":[4,3],"2":[1,2],"3":[1,1],"4":[1,4],"5":[5,4,4],"6":[1,3],"7":[1,2],"8":[1,4],"9":[5,4,4],"10":[1,3],"11":[1,2]},"_coverageSchema":"1a1c01bbd47fc00a2c39e90264f33305004495a9","hash":"2adbba8ec3c1e5ad54ceab72cf0f6c4bd5c45ab3"}
,"C:\\Users\\Leo\\Desktop\\Projetos\\case-xp\\backend\\src\\routes\\investments\\investments.router.js": {"path":"C:\\Users\\Leo\\Desktop\\Projetos\\case-xp\\backend\\src\\routes\\investments\\investments.router.js","statementMap":{"0":{"start":{"line":1,"column":16},"end":{"line":1,"column":34}},"1":{"start":{"line":2,"column":30},"end":{"line":2,"column":65}},"2":{"start":{"line":3,"column":24},"end":{"line":3,"column":60}},"3":{"start":{"line":15,"column":4},"end":{"line":15,"column":39}},"4":{"start":{"line":16,"column":4},"end":{"line":16,"column":79}},"5":{"start":{"line":17,"column":4},"end":{"line":17,"column":49}},"6":{"start":{"line":18,"column":4},"end":{"line":18,"column":35}},"7":{"start":{"line":20,"column":4},"end":{"line":20,"column":108}},"8":{"start":{"line":21,"column":4},"end":{"line":21,"column":108}},"9":{"start":{"line":22,"column":4},"end":{"line":22,"column":109}},"10":{"start":{"line":26,"column":4},"end":{"line":26,"column":23}},"11":{"start":{"line":29,"column":0},"end":{"line":29,"column":35}}},"fnMap":{"0":{"name":"(anonymous_0)","decl":{"start":{"line":14,"column":2},"end":{"line":14,"column":3}},"loc":{"start":{"line":14,"column":29},"end":{"line":23,"column":3}},"line":14},"1":{"name":"(anonymous_1)","decl":{"start":{"line":25,"column":2},"end":{"line":25,"column":3}},"loc":{"start":{"line":25,"column":14},"end":{"line":27,"column":3}},"line":25}},"branchMap":{},"s":{"0":4,"1":4,"2":4,"3":4,"4":4,"5":4,"6":4,"7":4,"8":4,"9":4,"10":8,"11":4},"f":{"0":4,"1":8},"b":{},"_coverageSchema":"1a1c01bbd47fc00a2c39e90264f33305004495a9","hash":"adeeec84ca35f9b2f8f5c483053c83966aabd684"}
,"C:\\Users\\Leo\\Desktop\\Projetos\\case-xp\\backend\\src\\routes\\login\\login.controller.js": {"path":"C:\\Users\\Leo\\Desktop\\Projetos\\case-xp\\backend\\src\\routes\\login\\login.controller.js","statementMap":{"0":{"start":{"line":1,"column":12},"end":{"line":1,"column":35}},"1":{"start":{"line":2,"column":16},"end":{"line":2,"column":34}},"2":{"start":{"line":3,"column":18},"end":{"line":3,"column":52}},"3":{"start":{"line":4,"column":0},"end":{"line":4,"column":27}},"4":{"start":{"line":14,"column":4},"end":{"line":14,"column":41}},"5":{"start":{"line":15,"column":4},"end":{"line":18,"column":6}},"6":{"start":{"line":19,"column":4},"end":{"line":37,"column":6}},"7":{"start":{"line":20,"column":20},"end":{"line":20,"column":45}},"8":{"start":{"line":22,"column":6},"end":{"line":22,"column":90}},"9":{"start":{"line":22,"column":20},"end":{"line":22,"column":88}},"10":{"start":{"line":24,"column":6},"end":{"line":36,"column":7}},"11":{"start":{"line":25,"column":24},"end":{"line":25,"column":54}},"12":{"start":{"line":26,"column":23},"end":{"line":26,"column":81}},"13":{"start":{"line":27,"column":8},"end":{"line":31,"column":9}},"14":{"start":{"line":28,"column":10},"end":{"line":30,"column":74}},"15":{"start":{"line":32,"column":8},"end":{"line":32,"column":24}},"16":{"start":{"line":33,"column":8},"end":{"line":33,"column":15}},"17":{"start":{"line":35,"column":8},"end":{"line":35,"column":62}},"18":{"start":{"line":41,"column":4},"end":{"line":41,"column":27}},"19":{"start":{"line":44,"column":14},"end":{"line":75,"column":3}},"20":{"start":{"line":45,"column":38},"end":{"line":45,"column":46}},"21":{"start":{"line":46,"column":4},"end":{"line":46,"column":92}},"22":{"start":{"line":46,"column":19},"end":{"line":46,"column":92}},"23":{"start":{"line":47,"column":4},"end":{"line":50,"column":5}},"24":{"start":{"line":48,"column":6},"end":{"line":49,"column":93}},"25":{"start":{"line":53,"column":4},"end":{"line":63,"column":5}},"26":{"start":{"line":54,"column":6},"end":{"line":60,"column":7}},"27":{"start":{"line":55,"column":26},"end":{"line":55,"column":103}},"28":{"start":{"line":56,"column":8},"end":{"line":56,"column":27}},"29":{"start":{"line":58,"column":26},"end":{"line":58,"column":101}},"30":{"start":{"line":59,"column":8},"end":{"line":59,"column":27}},"31":{"start":{"line":62,"column":6},"end":{"line":62,"column":47}},"32":{"start":{"line":64,"column":18},"end":{"line":64,"column":71}},"33":{"start":{"line":66,"column":4},"end":{"line":74,"column":7}},"34":{"start":{"line":77,"column":0},"end":{"line":77,"column":33}}},"fnMap":{"0":{"name":"(anonymous_0)","decl":{"start":{"line":13,"column":2},"end":{"line":13,"column":3}},"loc":{"start":{"line":13,"column":16},"end":{"line":38,"column":3}},"line":13},"1":{"name":"(anonymous_1)","decl":{"start":{"line":19,"column":22},"end":{"line":19,"column":23}},"loc":{"start":{"line":19,"column":48},"end":{"line":37,"column":5}},"line":19},"2":{"name":"(anonymous_2)","decl":{"start":{"line":40,"column":2},"end":{"line":40,"column":3}},"loc":{"start":{"line":40,"column":18},"end":{"line":42,"column":3}},"line":40},"3":{"name":"(anonymous_3)","decl":{"start":{"line":44,"column":14},"end":{"line":44,"column":15}},"loc":{"start":{"line":44,"column":34},"end":{"line":75,"column":3}},"line":44}},"branchMap":{"0":{"loc":{"start":{"line":22,"column":6},"end":{"line":22,"column":90}},"type":"if","locations":[{"start":{"line":22,"column":6},"end":{"line":22,"column":90}},{"start":{},"end":{}}],"line":22},"1":{"loc":{"start":{"line":27,"column":8},"end":{"line":31,"column":9}},"type":"if","locations":[{"start":{"line":27,"column":8},"end":{"line":31,"column":9}},{"start":{},"end":{}}],"line":27},"2":{"loc":{"start":{"line":46,"column":4},"end":{"line":46,"column":92}},"type":"if","locations":[{"start":{"line":46,"column":4},"end":{"line":46,"column":92}},{"start":{},"end":{}}],"line":46},"3":{"loc":{"start":{"line":47,"column":4},"end":{"line":50,"column":5}},"type":"if","locations":[{"start":{"line":47,"column":4},"end":{"line":50,"column":5}},{"start":{},"end":{}}],"line":47},"4":{"loc":{"start":{"line":47,"column":8},"end":{"line":47,"column":23}},"type":"binary-expr","locations":[{"start":{"line":47,"column":8},"end":{"line":47,"column":13}},{"start":{"line":47,"column":17},"end":{"line":47,"column":23}}],"line":47},"5":{"loc":{"start":{"line":54,"column":6},"end":{"line":60,"column":7}},"type":"if","locations":[{"start":{"line":54,"column":6},"end":{"line":60,"column":7}},{"start":{"line":57,"column":13},"end":{"line":60,"column":7}}],"line":54}},"s":{"0":4,"1":4,"2":4,"3":4,"4":16,"5":16,"6":16,"7":46,"8":46,"9":1,"10":45,"11":45,"12":45,"13":44,"14":1,"15":43,"16":43,"17":1,"18":36,"19":16,"20":26,"21":26,"22":1,"23":25,"24":1,"25":24,"26":24,"27":23,"28":22,"29":1,"30":1,"31":1,"32":23,"33":23,"34":4},"f":{"0":16,"1":46,"2":36,"3":26},"b":{"0":[1,45],"1":[1,43],"2":[1,25],"3":[1,24],"4":[25,24],"5":[23,1]},"_coverageSchema":"1a1c01bbd47fc00a2c39e90264f33305004495a9","hash":"6385abfa9d9d085ddf60335c96f192d12f26002e"}
,"C:\\Users\\Leo\\Desktop\\Projetos\\case-xp\\backend\\src\\routes\\login\\login.router.js": {"path":"C:\\Users\\Leo\\Desktop\\Projetos\\case-xp\\backend\\src\\routes\\login\\login.router.js","statementMap":{"0":{"start":{"line":1,"column":16},"end":{"line":1,"column":34}},"1":{"start":{"line":2,"column":24},"end":{"line":2,"column":53}},"2":{"start":{"line":10,"column":4},"end":{"line":10,"column":67}},"3":{"start":{"line":12,"column":4},"end":{"line":12,"column":35}},"4":{"start":{"line":13,"column":4},"end":{"line":13,"column":58}},"5":{"start":{"line":17,"column":4},"end":{"line":17,"column":23}},"6":{"start":{"line":20,"column":0},"end":{"line":20,"column":29}}},"fnMap":{"0":{"name":"(anonymous_0)","decl":{"start":{"line":9,"column":2},"end":{"line":9,"column":3}},"loc":{"start":{"line":9,"column":16},"end":{"line":14,"column":3}},"line":9},"1":{"name":"(anonymous_1)","decl":{"start":{"line":16,"column":2},"end":{"line":16,"column":3}},"loc":{"start":{"line":16,"column":14},"end":{"line":18,"column":3}},"line":16}},"branchMap":{},"s":{"0":4,"1":4,"2":4,"3":4,"4":4,"5":4,"6":4},"f":{"0":4,"1":4},"b":{},"_coverageSchema":"1a1c01bbd47fc00a2c39e90264f33305004495a9","hash":"689875c9d45e98589d5080c35b2bef7c57ba396a"}
[...]
:36}},"39":{"start":{"line":46,"column":2},"end":{"line":46,"column":48}},"40":{"start":{"line":46,"column":37},"end":{"line":46,"column":48}},"41":{"start":{"line":47,"column":2},"end":{"line":47,"column":54}},"42":{"start":{"line":47,"column":28},"end":{"line":47,"column":54}},"43":{"start":{"line":48,"column":2},"end":{"line":48,"column":48}},"44":{"start":{"line":48,"column":28},"end":{"line":48,"column":48}},"45":{"start":{"line":49,"column":2},"end":{"line":49,"column":72}},"46":{"start":{"line":49,"column":31},"end":{"line":49,"column":72}},"47":{"start":{"line":50,"column":2},"end":{"line":50,"column":78}},"48":{"start":{"line":50,"column":31},"end":{"line":50,"column":78}},"49":{"start":{"line":52,"column":13},"end":{"line":52,"column":39}},"50":{"start":{"line":53,"column":13},"end":{"line":53,"column":39}},"51":{"start":{"line":54,"column":14},"end":{"line":54,"column":15}},"52":{"start":{"line":55,"column":2},"end":{"line":55,"column":47}},"53":{"start":{"line":55,"column":37},"end":{"line":55,"column":47}},"54":{"start":{"line":56,"column":2},"end":{"line":56,"column":62}},"55":{"start":{"line":56,"column":37},"end":{"line":56,"column":62}},"56":{"start":{"line":58,"column":2},"end":{"line":58,"column":68}},"57":{"start":{"line":58,"column":42},"end":{"line":58,"column":68}},"58":{"start":{"line":59,"column":2},"end":{"line":59,"column":36}},"59":{"start":{"line":59,"column":23},"end":{"line":59,"column":36}},"60":{"start":{"line":60,"column":2},"end":{"line":60,"column":36}},"61":{"start":{"line":60,"column":23},"end":{"line":60,"column":36}},"62":{"start":{"line":62,"column":11},"end":{"line":62,"column":40}},"63":{"start":{"line":63,"column":2},"end":{"line":63,"column":51}},"64":{"start":{"line":63,"column":38},"end":{"line":63,"column":51}},"65":{"start":{"line":64,"column":2},"end":{"line":64,"column":51}},"66":{"start":{"line":64,"column":38},"end":{"line":64,"column":51}},"67":{"start":{"line":65,"column":11},"end":{"line":65,"column":13}},"68":{"start":{"line":66,"column":15},"end":{"line":66,"column":16}},"69":{"start":{"line":68,"column":13},"end":{"line":68,"column":14}},"70":{"start":{"line":69,"column":2},"end":{"line":73,"column":3}},"71":{"start":{"line":70,"column":4},"end":{"line":70,"column":61}},"72":{"start":{"line":70,"column":51},"end":{"line":70,"column":61}},"73":{"start":{"line":71,"column":4},"end":{"line":71,"column":76}},"74":{"start":{"line":71,"column":51},"end":{"line":71,"column":76}},"75":{"start":{"line":72,"column":4},"end":{"line":72,"column":11}},"76":{"start":{"line":75,"column":2},"end":{"line":86,"column":3}},"77":{"start":{"line":75,"column":15},"end":{"line":75,"column":31}},"78":{"start":{"line":76,"column":15},"end":{"line":76,"column":31}},"79":{"start":{"line":77,"column":15},"end":{"line":77,"column":31}},"80":{"start":{"line":78,"column":4},"end":{"line":78,"column":29}},"81":{"start":{"line":79,"column":4},"end":{"line":84,"column":5}},"82":{"start":{"line":80,"column":6},"end":{"line":80,"column":17}},"83":{"start":{"line":81,"column":6},"end":{"line":81,"column":25}},"84":{"start":{"line":83,"column":6},"end":{"line":83,"column":17}},"85":{"start":{"line":85,"column":4},"end":{"line":85,"column":20}},"86":{"start":{"line":87,"column":2},"end":{"line":87,"column":15}},"87":{"start":{"line":88,"column":2},"end":{"line":88,"column":36}},"88":{"start":{"line":92,"column":2},"end":{"line":92,"column":63}},"89":{"start":{"line":92,"column":52},"end":{"line":92,"column":63}},"90":{"start":{"line":93,"column":2},"end":{"line":93,"column":105}},"91":{"start":{"line":93,"column":58},"end":{"line":93,"column":105}},"92":{"start":{"line":94,"column":2},"end":{"line":94,"column":105}},"93":{"start":{"line":94,"column":58},"end":{"line":94,"column":105}},"94":{"start":{"line":95,"column":2},"end":{"line":95,"column":123}},"95":{"start":{"line":95,"column":58},"end":{"line":95,"column":123}},"96":{"start":{"line":97,"column":13},"end":{"line":97,"column":39}},"97":{"start":{"line":98,"column":13},"end":{"line":98,"column":39}},"98":{"start":{"line":99,"column":15},"end":{"line":99,"column":16}},"99":{"start":{"line":101,"column":2},"end":{"line":101,"column":46}},"100":{"start":{"line":101,"column":23},"end":{"line":101,"column":46}},"101":{"start":{"line":102,"column":2},"end":{"line":102,"column":46}},"102":{"start":{"line":102,"column":23},"end":{"line":102,"column":46}},"103":{"start":{"line":103,"column":23},"end":{"line":103,"column":49}},"104":{"start":{"line":105,"column":2},"end":{"line":106,"column":57}},"105":{"start":{"line":105,"column":38},"end":{"line":105,"column":88}},"106":{"start":{"line":106,"column":7},"end":{"line":106,"column":57}},"107":{"start":{"line":108,"column":15},"end":{"line":108,"column":99}},"108":{"start":{"line":109,"column":2},"end":{"line":109,"column":92}},"109":{"start":{"line":109,"column":44},"end":{"line":109,"column":92}},"110":{"start":{"line":110,"column":2},"end":{"line":110,"column":89}},"111":{"start":{"line":110,"column":41},"end":{"line":110,"column":89}},"112":{"start":{"line":111,"column":2},"end":{"line":111,"column":16}},"113":{"start":{"line":114,"column":0},"end":{"line":114,"column":35}}},"fnMap":{"0":{"name":"sum","decl":{"start":{"line":4,"column":9},"end":{"line":4,"column":12}},"loc":{"start":{"line":4,"column":19},"end":{"line":43,"column":1}},"line":4},"1":{"name":"sub","decl":{"start":{"line":45,"column":9},"end":{"line":45,"column":12}},"loc":{"start":{"line":45,"column":19},"end":{"line":89,"column":1}},"line":45},"2":{"name":"mul","decl":{"start":{"line":91,"column":9},"end":{"line":91,"column":12}},"loc":{"start":{"line":91,"column":19},"end":{"line":112,"column":1}},"line":91}},"branchMap":{"0":{"loc":{"start":{"line":5,"column":2},"end":{"line":5,"column":48}},"type":"if","locations":[{"start":{"line":5,"column":2},"end":{"line":5,"column":48}},{"start":{},"end":{}}],"line":5},"1":{"loc":{"start":{"line":6,"column":2},"end":{"line":6,"column":48}},"type":"if","locations":[{"start":{"line":6,"column":2},"end":{"line":6,"column":48}},{"start":{},"end":{}}],"line":6},"2":{"loc":{"start":{"line":8,"column":2},"end":{"line":8,"column":99}},"type":"if","locations":[{"start":{"line":8,"column":2},"end":{"line":8,"column":99}},{"start":{},"end":{}}],"line":8},"3":{"loc":{"start":{"line":8,"column":6},"end":{"line":8,"column":56}},"type":"binary-expr","locations":[{"start":{"line":8,"column":6},"end":{"line":8,"column":29}},{"start":{"line":8,"column":33},"end":{"line":8,"column":56}}],"line":8},"4":{"loc":{"start":{"line":9,"column":2},"end":{"line":9,"column":99}},"type":"if","locations":[{"start":{"line":9,"column":2},"end":{"line":9,"column":99}},{"start":{},"end":{}}],"line":9},"5":{"loc":{"start":{"line":9,"column":6},"end":{"line":9,"column":56}},"type":"binary-expr","locations":[{"start":{"line":9,"column":6},"end":{"line":9,"column":29}},{"start":{"line":9,"column":33},"end":{"line":9,"column":56}}],"line":9},"6":{"loc":{"start":{"line":10,"column":2},"end":{"line":10,"column":131}},"type":"if","locations":[{"start":{"line":10,"column":2},"end":{"line":10,"column":131}},{"start":{},"end":{}}],"line":10},"7":{"loc":{"start":{"line":10,"column":6},"end":{"line":10,"column":56}},"type":"binary-expr","locations":[{"start":{"line":10,"column":6},"end":{"line":10,"column":29}},{"start":{"line":10,"column":33},"end":{"line":10,"column":56}}],"line":10},"8":{"loc":{"start":{"line":14,"column":2},"end":{"line":14,"column":84}},"type":"if","locations":[{"start":{"line":14,"column":2},"end":{"line":14,"column":84}},{"start":{},"end":{}}],"line":14},"9":{"loc":{"start":{"line":14,"column":6},"end":{"line":14,"column":40}},"type":"binary-expr","locations":[{"start":{"line":14,"column":6},"end":{"line":14,"column":21}},{"start":{"line":14,"column":25},"end":{"line":14,"column":40}}],"line":14},"10":{"loc":{"start":{"line":15,"column":2},"end":{"line":18,"column":3}},"type":"if","locations":[{"start":{"line":15,"column":2},"end":{"line":18,"column":3}},{"start":{},"end":{}}],"line":15},"11":{"loc":{"start":{"line":15,"column":6},"end":{"line":15,"column":40}},"type":"binary-expr","locations":[{"start":{"line":15,"column":6},"end":{"line":15,"column":21}},{"start":{"line":15,"column":25},"end":{"line":15,"column":40}}],"line":15},"12":{"loc":{"start":{"line":19,"column":2},"end":{"line":22,"column":3}},"type":"if","locations":[{"start":{"line":19,"column":2},"end":{"line":22,"column":3}},{"start":{},"end":{}}],"line":19},"13":{"loc":{"start":{"line":19,"column":6},"end":{"line":19,"column":40}},"type":"binary-expr","locations":[{"start":{"line":19,"column":6},"end":{"line":19,"column":21}},{"start":{"line":19,"column":25},"end":{"line":19,"column":40}}],"line":19},"14":{"loc":{"start":{"line":33,"column":4},"end":{"line":38,"column":5}},"type":"if","locations":[{"start":{"line":33,"column":4},"end":{"line":38,"column":5}},{"start":{"line":36,"column":11},"end":{"line":38,"column":5}}],"line":33},"15":{"loc":{"start":{"line":46,"column":2},"end":{"line":46,"column":48}},"type":"if","locations":[{"start":{"line":46,"column":2},"end":{"line":46,"column":48}},{"start":{},"end":{}}],"line":46},"16":{"loc":{"start":{"line":47,"column":2},"end":{"line":47,"column":54}},"type":"if","locations":[{"start":{"line":47,"column":2},"end":{"line":47,"column":54}},{"start":{},"end":{}}],"line":47},"17":{"loc":{"start":{"line":48,"column":2},"end":{"line":48,"column":48}},"type":"if","locations":[{"start":{"line":48,"column":2},"end":{"line":48,"column":48}},{"start":{},"end":{}}],"line":48},"18":{"loc":{"start":{"line":49,"column":2},"end":{"line":49,"column":72}},"type":"if","locations":[{"start":{"line":49,"column":2},"end":{"line":49,"column":72}},{"start":{},"end":{}}],"line":49},"19":{"loc":{"start":{"line":50,"column":2},"end":{"line":50,"column":78}},"type":"if","locations":[{"start":{"line":50,"column":2},"end":{"line":50,"column":78}},{"start":{},"end":{}}],"line":50},"20":{"loc":{"start":{"line":55,"column":2},"end":{"line":55,"column":47}},"type":"if","locations":[{"start":{"line":55,"column":2},"end":{"line":55,"column":47}},{"start":{},"end":{}}],"line":55},"21":{"loc":{"start":{"line":56,"column":2},"end":{"line":56,"column":62}},"type":"if","locations":[{"start":{"line":56,"column":2},"end":{"line":56,"column":62}},{"start":{},"end":{}}],"line":56},"22":{"loc":{"start":{"line":58,"column":2},"end":{"line":58,"column":68}},"type":"if","locations":[{"start":{"line":58,"column":2},"end":{"line":58,"column":68}},{"start":{},"end":{}}],"line":58},"23":{"loc":{"start":{"line":58,"column":6},"end":{"line":58,"column":40}},"type":"binary-expr","locations":[{"start":{"line":58,"column":6},"end":{"line":58,"column":21}},{"start":{"line":58,"column":25},"end":{"line":58,"column":40}}],"line":58},"24":{"loc":{"start":{"line":59,"column":2},"end":{"line":59,"column":36}},"type":"if","locations":[{"start":{"line":59,"column":2},"end":{"line":59,"column":36}},{"start":{},"end":{}}],"line":59},"25":{"loc":{"start":{"line":60,"column":2},"end":{"line":60,"column":36}},"type":"if","locations":[{"start":{"line":60,"column":2},"end":{"line":60,"column":36}},{"start":{},"end":{}}],"line":60},"26":{"loc":{"start":{"line":70,"column":4},"end":{"line":70,"column":61}},"type":"if","locations":[{"start":{"line":70,"column":4},"end":{"line":70,"column":61}},{"start":{},"end":{}}],"line":70},"27":{"loc":{"start":{"line":71,"column":4},"end":{"line":71,"column":76}},"type":"if","locations":[{"start":{"line":71,"column":4},"end":{"line":71,"column":76}},{"start":{},"end":{}}],"line":71},"28":{"loc":{"start":{"line":79,"column":4},"end":{"line":84,"column":5}},"type":"if","locations":[{"start":{"line":79,"column":4},"end":{"line":84,"column":5}},{"start":{"line":82,"column":11},"end":{"line":84,"column":5}}],"line":79},"29":{"loc":{"start":{"line":92,"column":2},"end":{"line":92,"column":63}},"type":"if","locations":[{"start":{"line":92,"column":2},"end":{"line":92,"column":63}},{"start":{},"end":{}}],"line":92},"30":{"loc":{"start":{"line":92,"column":6},"end":{"line":92,"column":50}},"type":"binary-expr","locations":[{"start":{"line":92,"column":6},"end":{"line":92,"column":26}},{"start":{"line":92,"column":30},"end":{"line":92,"column":50}}],"line":92},"31":{"loc":{"start":{"line":93,"column":2},"end":{"line":93,"column":105}},"type":"if","locations":[{"start":{"line":93,"column":2},"end":{"line":93,"column":105}},{"start":{},"end":{}}],"line":93},"32":{"loc":{"start":{"line":93,"column":6},"end":{"line":93,"column":56}},"type":"binary-expr","locations":[{"start":{"line":93,"column":6},"end":{"line":93,"column":29}},{"start":{"line":93,"column":33},"end":{"line":93,"column":56}}],"line":93},"33":{"loc":{"start":{"line":94,"column":2},"end":{"line":94,"column":105}},"type":"if","locations":[{"start":{"line":94,"column":2},"end":{"line":94,"column":105}},{"start":{},"end":{}}],"line":94},"34":{"loc":{"start":{"line":94,"column":6},"end":{"line":94,"column":56}},"type":"binary-expr","locations":[{"start":{"line":94,"column":6},"end":{"line":94,"column":29}},{"start":{"line":94,"column":33},"end":{"line":94,"column":56}}],"line":94},"35":{"loc":{"start":{"line":95,"column":2},"end":{"line":95,"column":123}},"type":"if","locations":[{"start":{"line":95,"column":2},"end":{"line":95,"column":123}},{"start":{},"end":{}}],"line":95},"36":{"loc":{"start":{"line":95,"column":6},"end":{"line":95,"column":56}},"type":"binary-expr","locations":[{"start":{"line":95,"column":6},"end":{"line":95,"column":29}},{"start":{"line":95,"column":33},"end":{"line":95,"column":56}}],"line":95},"37":{"loc":{"start":{"line":101,"column":2},"end":{"line":101,"column":46}},"type":"if","locations":[{"start":{"line":101,"column":2},"end":{"line":101,"column":46}},{"start":{},"end":{}}],"line":101},"38":{"loc":{"start":{"line":102,"column":2},"end":{"line":102,"column":46}},"type":"if","locations":[{"start":{"line":102,"column":2},"end":{"line":102,"column":46}},{"start":{},"end":{}}],"line":102},"39":{"loc":{"start":{"line":105,"column":2},"end":{"line":106,"column":57}},"type":"if","locations":[{"start":{"line":105,"column":2},"end":{"line":106,"column":57}},{"start":{"line":106,"column":7},"end":{"line":106,"column":57}}],"line":105},"40":{"loc":{"start":{"line":110,"column":2},"end":{"line":110,"column":89}},"type":"if","locations":[{"start":{"line":110,"column":2},"end":{"line":110,"column":89}},{"start":{},"end":{}}],"line":110}},"s":{"0":311,"1":2,"2":309,"3":2,"4":307,"5":2,"6":305,"7":1,"8":304,"9":1,"10":303,"11":303,"12":303,"13":10,"14":293,"15":269,"16":269,"17":24,"18":1,"19":1,"20":23,"21":23,"22":25,"23":23,"24":61,"25":23,"26":23,"27":23,"28":23,"29":245,"30":245,"31":245,"32":245,"33":8,"34":8,"35":237,"36":245,"37":23,"38":23,"39":175,"40":146,"41":29,"42":1,"43":28,"44":2,"45":26,"46":2,"47":24,"48":1,"49":23,"50":23,"51":23,"52":23,"53":17,"54":23,"55":3,"56":20,"57":7,"58":13,"59":1,"60":13,"61":2,"62":13,"63":13,"64":23,"65":13,"66":8,"67":13,"68":13,"69":13,"70":13,"71":17,"72":2,"73":17,"74":1,"75":16,"76":12,"77":12,"78":56,"79":56,"80":56,"81":56,"82":27,"83":27,"84":29,"85":56,"86":12,"87":12,"88":20,"89":2,"90":18,"91":1,"92":17,"93":1,"94":16,"95":1,"96":15,"97":15,"98":15,"99":15,"100":10,"101":15,"102":11,"103":15,"104":15,"105":2,"106":13,"107":15,"108":15,"109":2,"110":15,"111":4,"112":15,"113":9},"f":{"0":311,"1":175,"2":20},"b":{"0":[2,309],"1":[2,307],"2":[2,305],"3":[307,3],"4":[1,304],"5":[305,304],"6":[1,303],"7":[304,1],"8":[10,293],"9":[303,279],"10":[269,24],"11":[293,269],"12":[1,23],"13":[24,24],"14":[8,237],"15":[146,29],"16":[1,28],"17":[2,26],"18":[2,24],"19":[1,23],"20":[17,6],"21":[3,20],"22":[7,13],"23":[20,8],"24":[1,12],"25":[2,11],"26":[2,15],"27":[1,16],"28":[27,29],"29":[2,18],"30":[20,19],"31":[1,17],"32":[18,2],"33":[1,16],"34":[17,16],"35":[1,15],"36":[16,1],"37":[10,5],"38":[11,4],"39":[2,13],"40":[4,11]},"_coverageSchema":"1a1c01bbd47fc00a2c39e90264f33305004495a9","hash":"ad0b261fa1b06fa05e0f2caa2a9c8a64ca4dea9c"}
,"C:\\Users\\Leo\\Desktop\\Projetos\\case-xp\\backend\\src\\utils\\csvParser.js": {"path":"C:\\Users\\Leo\\Desktop\\Projetos\\case-xp\\backend\\src\\utils\\csvParser.js","statementMap":{"0":{"start":{"line":1,"column":11},"end":{"line":1,"column":24}},"1":{"start":{"line":4,"column":2},"end":{"line":19,"column":3}},"2":{"start":{"line":5,"column":4},"end":{"line":5,"column":73}},"3":{"start":{"line":5,"column":34},"end":{"line":5,"column":73}},"4":{"start":{"line":6,"column":17},"end":{"line":6,"column":82}},"5":{"start":{"line":8,"column":17},"end":{"line":8,"column":35}},"6":{"start":{"line":9,"column":19},"end":{"line":9,"column":36}},"7":{"start":{"line":10,"column":18},"end":{"line":15,"column":6}},"8":{"start":{"line":11,"column":19},"end":{"line":11,"column":34}},"9":{"start":{"line":12,"column":18},"end":{"line":12,"column":20}},"10":{"start":{"line":13,"column":6},"end":{"line":13,"column":74}},"11":{"start":{"line":13,"column":19},"end":{"line":13,"column":20}},"12":{"start":{"line":13,"column":49},"end":{"line":13,"column":72}},"13":{"start":{"line":14,"column":6},"end":{"line":14,"column":17}},"14":{"start":{"line":16,"column":4},"end":{"line":16,"column":17}},"15":{"start":{"line":18,"column":4},"end":{"line":18,"column":34}},"16":{"start":{"line":22,"column":0},"end":{"line":22,"column":30}}},"fnMap":{"0":{"name":"parseCSV","decl":{"start":{"line":3,"column":9},"end":{"line":3,"column":17}},"loc":{"start":{"line":3,"column":24},"end":{"line":20,"column":1}},"line":3},"1":{"name":"(anonymous_1)","decl":{"start":{"line":10,"column":29},"end":{"line":10,"column":30}},"loc":{"start":{"line":10,"column":39},"end":{"line":15,"column":5}},"line":10}},"branchMap":{"0":{"loc":{"start":{"line":5,"column":4},"end":{"line":5,"column":73}},"type":"if","locations":[{"start":{"line":5,"column":4},"end":{"line":5,"column":73}},{"start":{},"end":{}}],"line":5}},"s":{"0":1,"1":3,"2":3,"3":1,"4":2,"5":1,"6":1,"7":1,"8":67010,"9":67010,"10":67010,"11":67010,"12":604226,"13":67010,"14":1,"15":2,"16":1},"f":{"0":3,"1":67010},"b":{"0":[1,2]},"_coverageSchema":"1a1c01bbd47fc00a2c39e90264f33305004495a9","hash":"53e48e4bc4fcd7978c1075a5c6fc26cf1bf41b4f"}
,"C:\\Users\\Leo\\Desktop\\Projetos\\case-xp\\backend\\src\\utils\\mongo.js": {"path":"C:\\Users\\Leo\\Desktop\\Projetos\\case-xp\\backend\\src\\utils\\mongo.js","statementMap":{"0":{"start":{"line":1,"column":17},"end":{"line":1,"column":36}},"1":{"start":{"line":2,"column":0},"end":{"line":2,"column":27}},"2":{"start":{"line":4,"column":18},"end":{"line":4,"column":158}},"3":{"start":{"line":6,"column":0},"end":{"line":8,"column":3}},"4":{"start":{"line":7,"column":2},"end":{"line":7,"column":43}},"5":{"start":{"line":10,"column":0},"end":{"line":12,"column":3}},"6":{"start":{"line":11,"column":2},"end":{"line":11,"column":21}},"7":{"start":{"line":15,"column":2},"end":{"line":15,"column":36}},"8":{"start":{"line":18,"column":2},"end":{"line":18,"column":30}},"9":{"start":{"line":21,"column":0},"end":{"line":21,"column":51}}},"fnMap":{"0":{"name":"(anonymous_0)","decl":{"start":{"line":6,"column":33},"end":{"line":6,"column":34}},"loc":{"start":{"line":6,"column":39},"end":{"line":8,"column":1}},"line":6},"1":{"name":"(anonymous_1)","decl":{"start":{"line":10,"column":32},"end":{"line":10,"column":33}},"loc":{"start":{"line":10,"column":41},"end":{"line":12,"column":1}},"line":10},"2":{"name":"mongoConnect","decl":{"start":{"line":14,"column":15},"end":{"line":14,"column":27}},"loc":{"start":{"line":14,"column":30},"end":{"line":16,"column":1}},"line":14},"3":{"name":"mongoDisconnect","decl":{"start":{"line":17,"column":15},"end":{"line":17,"column":30}},"loc":{"start":{"line":17,"column":33},"end":{"line":19,"column":1}},"line":17}},"branchMap":{},"s":{"0":2,"1":2,"2":2,"3":2,"4":1,"5":2,"6":0,"7":1,"8":2,"9":2},"f":{"0":1,"1":0,"2":1,"3":2},"b":{},"_coverageSchema":"1a1c01bbd47fc00a2c39e90264f33305004495a9","hash":"8007b6158d0a92c9de2e37f80678273d092b5e66"}
}
